[0.024s] Invoking command in '/home/seongmin/ros2_ws/src/build/pub1': CMAKE_PREFIX_PATH=/opt/ros/foxy /usr/bin/cmake /home/seongmin/ros2_ws/src/pub1 -DAMENT_CMAKE_SYMLINK_INSTALL=1 -DCMAKE_INSTALL_PREFIX=/home/seongmin/ros2_ws/src/install/pub1
[0.301s] -- The C compiler identification is GNU 9.4.0
[0.594s] -- The CXX compiler identification is GNU 9.4.0
[0.706s] -- Check for working C compiler: /usr/bin/cc
[0.822s] -- Check for working C compiler: /usr/bin/cc -- works
[0.824s] -- Detecting C compiler ABI info
[0.934s] -- Detecting C compiler ABI info - done
[0.945s] -- Detecting C compile features
[0.946s] -- Detecting C compile features - done
[0.949s] -- Check for working CXX compiler: /usr/bin/c++
[1.061s] -- Check for working CXX compiler: /usr/bin/c++ -- works
[1.063s] -- Detecting CXX compiler ABI info
[1.186s] -- Detecting CXX compiler ABI info - done
[1.201s] -- Detecting CXX compile features
[1.202s] -- Detecting CXX compile features - done
[1.225s] -- Found ament_cmake: 0.9.12 (/opt/ros/foxy/share/ament_cmake/cmake)
[1.283s] -- Found PythonInterp: /usr/bin/python3 (found suitable version "3.8.10", minimum required is "3") 
[1.283s] -- Using PYTHON_EXECUTABLE: /usr/bin/python3
[1.503s] -- Override CMake install command with custom implementation using symlinks instead of copying resources
[1.577s] -- Found rclcpp: 2.4.3 (/opt/ros/foxy/share/rclcpp/cmake)
[1.805s] -- Using all available rosidl_typesupport_c: rosidl_typesupport_fastrtps_c;rosidl_typesupport_introspection_c
[1.819s] -- Found rosidl_adapter: 1.3.1 (/opt/ros/foxy/share/rosidl_adapter/cmake)
[2.757s] -- Found OpenSSL: /usr/lib/x86_64-linux-gnu/libcrypto.so (found version "1.1.1f")  
[3.653s] -- Found FastRTPS: /opt/ros/foxy/include  
[5.823s] -- Using all available rosidl_typesupport_cpp: rosidl_typesupport_fastrtps_cpp;rosidl_typesupport_introspection_cpp
[5.916s] -- Found rmw_implementation_cmake: 1.0.4 (/opt/ros/foxy/share/rmw_implementation_cmake/cmake)
[5.922s] -- Using RMW implementation 'rmw_fastrtps_cpp' as default
[5.926s] -- Looking for pthread.h
[6.101s] -- Looking for pthread.h - found
[6.101s] -- Performing Test CMAKE_HAVE_LIBC_PTHREAD
[6.225s] -- Performing Test CMAKE_HAVE_LIBC_PTHREAD - Failed
[6.225s] -- Looking for pthread_create in pthreads
[6.322s] -- Looking for pthread_create in pthreads - not found
[6.322s] -- Looking for pthread_create in pthread
[6.444s] -- Looking for pthread_create in pthread - found
[6.444s] -- Found Threads: TRUE  
[6.682s] -- Found ament_lint_auto: 0.9.8 (/opt/ros/foxy/share/ament_lint_auto/cmake)
[6.788s] -- Added test 'copyright' to check source files copyright and LICENSE
[6.790s] -- Added test 'cppcheck' to perform static code analysis on C / C++ code
[6.791s] -- Configured cppcheck include dirs: 
[6.791s] -- Configured cppcheck exclude dirs and/or files: 
[6.793s] -- Added test 'cpplint' to check C / C++ code against the Google style
[6.793s] -- Configured cpplint exclude dirs and/or files: 
[6.796s] -- Added test 'lint_cmake' to check CMake code style
[6.798s] -- Added test 'uncrustify' to check C / C++ code style
[6.798s] -- Configured uncrustify additional arguments: 
[6.799s] -- Added test 'xmllint' to check XML markup files
[6.805s] -- Configuring done
[6.814s] -- Generating done
[6.817s] -- Build files have been written to: /home/seongmin/ros2_ws/src/build/pub1
[6.826s] Invoked command in '/home/seongmin/ros2_ws/src/build/pub1' returned '0': CMAKE_PREFIX_PATH=/opt/ros/foxy /usr/bin/cmake /home/seongmin/ros2_ws/src/pub1 -DAMENT_CMAKE_SYMLINK_INSTALL=1 -DCMAKE_INSTALL_PREFIX=/home/seongmin/ros2_ws/src/install/pub1
[6.830s] Invoking command in '/home/seongmin/ros2_ws/src/build/pub1': CMAKE_PREFIX_PATH=/opt/ros/foxy /usr/bin/cmake --build /home/seongmin/ros2_ws/src/build/pub1 -- -j8 -l8
[6.868s] [35m[1mScanning dependencies of target pub1[0m
[7.073s] [ 50%] [32mBuilding CXX object CMakeFiles/pub1.dir/src/pub1-1.cpp.o[0m
[10.929s] [100%] [32m[1mLinking CXX executable pub1[0m
[11.198s] [100%] Built target pub1
[11.210s] Invoked command in '/home/seongmin/ros2_ws/src/build/pub1' returned '0': CMAKE_PREFIX_PATH=/opt/ros/foxy /usr/bin/cmake --build /home/seongmin/ros2_ws/src/build/pub1 -- -j8 -l8
[11.224s] Invoking command in '/home/seongmin/ros2_ws/src/build/pub1': CMAKE_PREFIX_PATH=/opt/ros/foxy /usr/bin/cmake --install /home/seongmin/ros2_ws/src/build/pub1
[11.231s] -- Install configuration: ""
[11.232s] -- Execute custom install script
[11.232s] -- Symlinking: /home/seongmin/ros2_ws/src/install/pub1/lib/pub1/pub1
[11.241s] -- Symlinking: /home/seongmin/ros2_ws/src/install/pub1/share/ament_index/resource_index/package_run_dependencies/pub1
[11.251s] -- Symlinking: /home/seongmin/ros2_ws/src/install/pub1/share/ament_index/resource_index/parent_prefix_path/pub1
[11.261s] -- Symlinking: /home/seongmin/ros2_ws/src/install/pub1/share/pub1/environment/ament_prefix_path.sh
[11.270s] -- Symlinking: /home/seongmin/ros2_ws/src/install/pub1/share/pub1/environment/ament_prefix_path.dsv
[11.279s] -- Symlinking: /home/seongmin/ros2_ws/src/install/pub1/share/pub1/environment/path.sh
[11.289s] -- Symlinking: /home/seongmin/ros2_ws/src/install/pub1/share/pub1/environment/path.dsv
[11.298s] -- Symlinking: /home/seongmin/ros2_ws/src/install/pub1/share/pub1/local_setup.bash
[11.306s] -- Symlinking: /home/seongmin/ros2_ws/src/install/pub1/share/pub1/local_setup.sh
[11.315s] -- Symlinking: /home/seongmin/ros2_ws/src/install/pub1/share/pub1/local_setup.zsh
[11.325s] -- Symlinking: /home/seongmin/ros2_ws/src/install/pub1/share/pub1/local_setup.dsv
[11.334s] -- Symlinking: /home/seongmin/ros2_ws/src/install/pub1/share/pub1/package.dsv
[11.343s] -- Symlinking: /home/seongmin/ros2_ws/src/install/pub1/share/ament_index/resource_index/packages/pub1
[11.353s] -- Symlinking: /home/seongmin/ros2_ws/src/install/pub1/share/pub1/cmake/pub1Config.cmake
[11.363s] -- Symlinking: /home/seongmin/ros2_ws/src/install/pub1/share/pub1/cmake/pub1Config-version.cmake
[11.372s] -- Symlinking: /home/seongmin/ros2_ws/src/install/pub1/share/pub1/package.xml
[11.385s] Invoked command in '/home/seongmin/ros2_ws/src/build/pub1' returned '0': CMAKE_PREFIX_PATH=/opt/ros/foxy /usr/bin/cmake --install /home/seongmin/ros2_ws/src/build/pub1
