[0.017s] Invoking command in '/home/seongmin/ros2_ws/build/pub1-1': CMAKE_PREFIX_PATH=${CMAKE_PREFIX_PATH}:/opt/ros/foxy /usr/bin/cmake /home/seongmin/ros2_ws/src/pub1-1 -DAMENT_CMAKE_SYMLINK_INSTALL=1 -DCMAKE_INSTALL_PREFIX=/home/seongmin/ros2_ws/install/pub1-1
[0.147s] -- The C compiler identification is GNU 9.4.0
[0.316s] -- The CXX compiler identification is GNU 9.4.0
[0.397s] -- Check for working C compiler: /usr/bin/cc
[0.518s] -- Check for working C compiler: /usr/bin/cc -- works
[0.518s] -- Detecting C compiler ABI info
[0.626s] -- Detecting C compiler ABI info - done
[0.637s] -- Detecting C compile features
[0.637s] -- Detecting C compile features - done
[0.639s] -- Check for working CXX compiler: /usr/bin/c++
[0.781s] -- Check for working CXX compiler: /usr/bin/c++ -- works
[0.782s] -- Detecting CXX compiler ABI info
[0.929s] -- Detecting CXX compiler ABI info - done
[0.941s] -- Detecting CXX compile features
[0.942s] -- Detecting CXX compile features - done
[0.945s] -- Found ament_cmake: 0.9.12 (/opt/ros/foxy/share/ament_cmake/cmake)
[0.985s] -- Found PythonInterp: /usr/bin/python3 (found suitable version "3.8.10", minimum required is "3") 
[0.985s] -- Using PYTHON_EXECUTABLE: /usr/bin/python3
[1.246s] -- Override CMake install command with custom implementation using symlinks instead of copying resources
[1.271s] -- Found rclcpp: 2.4.3 (/opt/ros/foxy/share/rclcpp/cmake)
[1.476s] -- Using all available rosidl_typesupport_c: rosidl_typesupport_fastrtps_c;rosidl_typesupport_introspection_c
[1.482s] -- Found rosidl_adapter: 1.3.1 (/opt/ros/foxy/share/rosidl_adapter/cmake)
[2.741s] -- Found OpenSSL: /usr/lib/x86_64-linux-gnu/libcrypto.so (found version "1.1.1f")  
[3.883s] -- Found FastRTPS: /opt/ros/foxy/include  
[5.495s] -- Using all available rosidl_typesupport_cpp: rosidl_typesupport_fastrtps_cpp;rosidl_typesupport_introspection_cpp
[5.568s] -- Found rmw_implementation_cmake: 1.0.4 (/opt/ros/foxy/share/rmw_implementation_cmake/cmake)
[5.570s] -- Using RMW implementation 'rmw_fastrtps_cpp' as default
[5.572s] -- Looking for pthread.h
[5.690s] -- Looking for pthread.h - found
[5.690s] -- Performing Test CMAKE_HAVE_LIBC_PTHREAD
[5.847s] -- Performing Test CMAKE_HAVE_LIBC_PTHREAD - Failed
[5.847s] -- Looking for pthread_create in pthreads
[5.966s] -- Looking for pthread_create in pthreads - not found
[5.966s] -- Looking for pthread_create in pthread
[6.087s] -- Looking for pthread_create in pthread - found
[6.088s] -- Found Threads: TRUE  
[6.285s] -- Found ament_lint_auto: 0.9.8 (/opt/ros/foxy/share/ament_lint_auto/cmake)
[6.374s] -- Added test 'copyright' to check source files copyright and LICENSE
[6.375s] -- Added test 'cppcheck' to perform static code analysis on C / C++ code
[6.375s] -- Configured cppcheck include dirs: 
[6.375s] -- Configured cppcheck exclude dirs and/or files: 
[6.376s] -- Added test 'cpplint' to check C / C++ code against the Google style
[6.377s] -- Configured cpplint exclude dirs and/or files: 
[6.377s] -- Added test 'lint_cmake' to check CMake code style
[6.378s] -- Added test 'uncrustify' to check C / C++ code style
[6.378s] -- Configured uncrustify additional arguments: 
[6.379s] -- Added test 'xmllint' to check XML markup files
[6.382s] -- Configuring done
[6.389s] -- Generating done
[6.393s] -- Build files have been written to: /home/seongmin/ros2_ws/build/pub1-1
[6.404s] Invoked command in '/home/seongmin/ros2_ws/build/pub1-1' returned '0': CMAKE_PREFIX_PATH=${CMAKE_PREFIX_PATH}:/opt/ros/foxy /usr/bin/cmake /home/seongmin/ros2_ws/src/pub1-1 -DAMENT_CMAKE_SYMLINK_INSTALL=1 -DCMAKE_INSTALL_PREFIX=/home/seongmin/ros2_ws/install/pub1-1
[6.408s] Invoking command in '/home/seongmin/ros2_ws/build/pub1-1': CMAKE_PREFIX_PATH=${CMAKE_PREFIX_PATH}:/opt/ros/foxy /usr/bin/cmake --build /home/seongmin/ros2_ws/build/pub1-1 -- -j8 -l8
[6.450s] [35m[1mScanning dependencies of target pub1-1[0m
[6.491s] [ 50%] [32mBuilding CXX object CMakeFiles/pub1-1.dir/src/pub1-1.cpp.o[0m
[9.937s] [100%] [32m[1mLinking CXX executable pub1-1[0m
[10.137s] [100%] Built target pub1-1
[10.154s] Invoked command in '/home/seongmin/ros2_ws/build/pub1-1' returned '0': CMAKE_PREFIX_PATH=${CMAKE_PREFIX_PATH}:/opt/ros/foxy /usr/bin/cmake --build /home/seongmin/ros2_ws/build/pub1-1 -- -j8 -l8
[10.168s] Invoking command in '/home/seongmin/ros2_ws/build/pub1-1': CMAKE_PREFIX_PATH=${CMAKE_PREFIX_PATH}:/opt/ros/foxy /usr/bin/cmake --install /home/seongmin/ros2_ws/build/pub1-1
[10.176s] -- Install configuration: ""
[10.176s] -- Execute custom install script
[10.177s] -- Symlinking: /home/seongmin/ros2_ws/install/pub1-1/lib/pub1-1/pub1-1
[10.189s] -- Symlinking: /home/seongmin/ros2_ws/install/pub1-1/share/ament_index/resource_index/package_run_dependencies/pub1-1
[10.199s] -- Symlinking: /home/seongmin/ros2_ws/install/pub1-1/share/ament_index/resource_index/parent_prefix_path/pub1-1
[10.208s] -- Symlinking: /home/seongmin/ros2_ws/install/pub1-1/share/pub1-1/environment/ament_prefix_path.sh
[10.218s] -- Symlinking: /home/seongmin/ros2_ws/install/pub1-1/share/pub1-1/environment/ament_prefix_path.dsv
[10.227s] -- Symlinking: /home/seongmin/ros2_ws/install/pub1-1/share/pub1-1/environment/path.sh
[10.236s] -- Symlinking: /home/seongmin/ros2_ws/install/pub1-1/share/pub1-1/environment/path.dsv
[10.244s] -- Symlinking: /home/seongmin/ros2_ws/install/pub1-1/share/pub1-1/local_setup.bash
[10.253s] -- Symlinking: /home/seongmin/ros2_ws/install/pub1-1/share/pub1-1/local_setup.sh
[10.262s] -- Symlinking: /home/seongmin/ros2_ws/install/pub1-1/share/pub1-1/local_setup.zsh
[10.270s] -- Symlinking: /home/seongmin/ros2_ws/install/pub1-1/share/pub1-1/local_setup.dsv
[10.279s] -- Symlinking: /home/seongmin/ros2_ws/install/pub1-1/share/pub1-1/package.dsv
[10.289s] -- Symlinking: /home/seongmin/ros2_ws/install/pub1-1/share/ament_index/resource_index/packages/pub1-1
[10.298s] -- Symlinking: /home/seongmin/ros2_ws/install/pub1-1/share/pub1-1/cmake/pub1-1Config.cmake
[10.309s] -- Symlinking: /home/seongmin/ros2_ws/install/pub1-1/share/pub1-1/cmake/pub1-1Config-version.cmake
[10.319s] -- Symlinking: /home/seongmin/ros2_ws/install/pub1-1/share/pub1-1/package.xml
[10.332s] Invoked command in '/home/seongmin/ros2_ws/build/pub1-1' returned '0': CMAKE_PREFIX_PATH=${CMAKE_PREFIX_PATH}:/opt/ros/foxy /usr/bin/cmake --install /home/seongmin/ros2_ws/build/pub1-1
