[0.292s] DEBUG:colcon:Command line arguments: ['/usr/bin/colcon', 'build', '--symlink-install', '--packages-select', 'pub1']
[0.292s] DEBUG:colcon:Parsed command line arguments: Namespace(allow_overriding=[], ament_cmake_args=None, base_paths=['.'], build_base='build', catkin_cmake_args=None, catkin_skip_building_tests=False, cmake_args=None, cmake_clean_cache=False, cmake_clean_first=False, cmake_force_configure=False, cmake_target=None, cmake_target_skip_unavailable=False, continue_on_error=False, event_handlers=None, executor='parallel', ignore_user_meta=False, install_base='install', log_base=None, log_level=None, main=<bound method BuildVerb.main of <colcon_core.verb.build.BuildVerb object at 0x7f186e56c1c0>>, merge_install=False, metas=['./colcon.meta'], packages_above=None, packages_above_and_dependencies=None, packages_above_depth=None, packages_end=None, packages_ignore=None, packages_ignore_regex=None, packages_select=['pub1'], packages_select_build_failed=False, packages_select_by_dep=None, packages_select_regex=None, packages_select_test_failures=False, packages_skip=None, packages_skip_build_finished=False, packages_skip_by_dep=None, packages_skip_regex=None, packages_skip_test_passed=False, packages_skip_up_to=None, packages_start=None, packages_up_to=None, packages_up_to_regex=None, parallel_workers=8, paths=None, symlink_install=True, test_result_base=None, verb_extension=<colcon_core.verb.build.BuildVerb object at 0x7f186e56c1c0>, verb_name='build', verb_parser=<colcon_defaults.argument_parser.defaults.DefaultArgumentsDecorator object at 0x7f186e4f0a90>)
[0.456s] Level 1:colcon.colcon_core.package_discovery:discover_packages(colcon_meta) check parameters
[0.456s] Level 1:colcon.colcon_core.package_discovery:discover_packages(recursive) check parameters
[0.456s] Level 1:colcon.colcon_core.package_discovery:discover_packages(ignore) check parameters
[0.456s] Level 1:colcon.colcon_core.package_discovery:discover_packages(path) check parameters
[0.456s] Level 1:colcon.colcon_core.package_discovery:discover_packages(colcon_meta) discover
[0.456s] Level 1:colcon.colcon_core.package_discovery:discover_packages(recursive) discover
[0.456s] INFO:colcon.colcon_core.package_discovery:Crawling recursively for packages in '/home/seongmin/ros2_ws/src'
[0.457s] Level 1:colcon.colcon_core.package_identification:_identify(.) by extensions ['ignore', 'ignore_ament_install']
[0.457s] Level 1:colcon.colcon_core.package_identification:_identify(.) by extension 'ignore'
[0.457s] Level 1:colcon.colcon_core.package_identification:_identify(.) by extension 'ignore_ament_install'
[0.457s] Level 1:colcon.colcon_core.package_identification:_identify(.) by extensions ['colcon_pkg']
[0.457s] Level 1:colcon.colcon_core.package_identification:_identify(.) by extension 'colcon_pkg'
[0.457s] Level 1:colcon.colcon_core.package_identification:_identify(.) by extensions ['colcon_meta']
[0.457s] Level 1:colcon.colcon_core.package_identification:_identify(.) by extension 'colcon_meta'
[0.457s] Level 1:colcon.colcon_core.package_identification:_identify(.) by extensions ['ros']
[0.457s] Level 1:colcon.colcon_core.package_identification:_identify(.) by extension 'ros'
[0.471s] Level 1:colcon.colcon_core.package_identification:_identify(.) by extensions ['cmake', 'python']
[0.471s] Level 1:colcon.colcon_core.package_identification:_identify(.) by extension 'cmake'
[0.471s] Level 1:colcon.colcon_core.package_identification:_identify(.) by extension 'python'
[0.471s] Level 1:colcon.colcon_core.package_identification:_identify(.) by extensions ['python_setup_py']
[0.471s] Level 1:colcon.colcon_core.package_identification:_identify(.) by extension 'python_setup_py'
[0.472s] Level 1:colcon.colcon_core.package_identification:_identify(build) by extensions ['ignore', 'ignore_ament_install']
[0.472s] Level 1:colcon.colcon_core.package_identification:_identify(build) by extension 'ignore'
[0.472s] Level 1:colcon.colcon_core.package_identification:_identify(build) ignored
[0.472s] Level 1:colcon.colcon_core.package_identification:_identify(install) by extensions ['ignore', 'ignore_ament_install']
[0.472s] Level 1:colcon.colcon_core.package_identification:_identify(install) by extension 'ignore'
[0.472s] Level 1:colcon.colcon_core.package_identification:_identify(install) ignored
[0.472s] Level 1:colcon.colcon_core.package_identification:_identify(log) by extensions ['ignore', 'ignore_ament_install']
[0.473s] Level 1:colcon.colcon_core.package_identification:_identify(log) by extension 'ignore'
[0.473s] Level 1:colcon.colcon_core.package_identification:_identify(log) ignored
[0.473s] Level 1:colcon.colcon_core.package_identification:_identify(pub1) by extensions ['ignore', 'ignore_ament_install']
[0.473s] Level 1:colcon.colcon_core.package_identification:_identify(pub1) by extension 'ignore'
[0.473s] Level 1:colcon.colcon_core.package_identification:_identify(pub1) by extension 'ignore_ament_install'
[0.473s] Level 1:colcon.colcon_core.package_identification:_identify(pub1) by extensions ['colcon_pkg']
[0.473s] Level 1:colcon.colcon_core.package_identification:_identify(pub1) by extension 'colcon_pkg'
[0.473s] Level 1:colcon.colcon_core.package_identification:_identify(pub1) by extensions ['colcon_meta']
[0.474s] Level 1:colcon.colcon_core.package_identification:_identify(pub1) by extension 'colcon_meta'
[0.474s] Level 1:colcon.colcon_core.package_identification:_identify(pub1) by extensions ['ros']
[0.474s] Level 1:colcon.colcon_core.package_identification:_identify(pub1) by extension 'ros'
[0.476s] DEBUG:colcon.colcon_core.package_identification:Package 'pub1' with type 'ros.ament_cmake' and name 'pub1'
[0.477s] Level 1:colcon.colcon_core.package_identification:_identify(pub1-2) by extensions ['ignore', 'ignore_ament_install']
[0.477s] Level 1:colcon.colcon_core.package_identification:_identify(pub1-2) by extension 'ignore'
[0.477s] Level 1:colcon.colcon_core.package_identification:_identify(pub1-2) by extension 'ignore_ament_install'
[0.477s] Level 1:colcon.colcon_core.package_identification:_identify(pub1-2) by extensions ['colcon_pkg']
[0.477s] Level 1:colcon.colcon_core.package_identification:_identify(pub1-2) by extension 'colcon_pkg'
[0.477s] Level 1:colcon.colcon_core.package_identification:_identify(pub1-2) by extensions ['colcon_meta']
[0.477s] Level 1:colcon.colcon_core.package_identification:_identify(pub1-2) by extension 'colcon_meta'
[0.477s] Level 1:colcon.colcon_core.package_identification:_identify(pub1-2) by extensions ['ros']
[0.477s] Level 1:colcon.colcon_core.package_identification:_identify(pub1-2) by extension 'ros'
[0.478s] DEBUG:colcon.colcon_core.package_identification:Package 'pub1-2' with type 'ros.ament_cmake' and name 'pub1-2'
[0.478s] Level 1:colcon.colcon_core.package_discovery:discover_packages(recursive) using defaults
[0.478s] Level 1:colcon.colcon_core.package_discovery:discover_packages(ignore) discover
[0.478s] Level 1:colcon.colcon_core.package_discovery:discover_packages(ignore) using defaults
[0.478s] Level 1:colcon.colcon_core.package_discovery:discover_packages(path) discover
[0.478s] Level 1:colcon.colcon_core.package_discovery:discover_packages(path) using defaults
[0.496s] INFO:colcon.colcon_core.package_selection:Skipping not selected package 'pub1-2' in 'pub1-2'
[0.497s] Level 1:colcon.colcon_core.package_discovery:discover_packages(prefix_path) check parameters
[0.497s] Level 1:colcon.colcon_core.package_discovery:discover_packages(prefix_path) discover
[0.500s] DEBUG:colcon.colcon_installed_package_information.package_discovery:Found 1 installed packages in /home/seongmin/ros2_ws/src/install
[0.500s] DEBUG:colcon.colcon_installed_package_information.package_discovery:Found 0 installed packages in /home/seongmin/ros2_ws/install
[0.501s] DEBUG:colcon.colcon_installed_package_information.package_discovery:Found 258 installed packages in /opt/ros/foxy
[0.513s] Level 1:colcon.colcon_core.package_discovery:discover_packages(prefix_path) using defaults
[0.571s] Level 5:colcon.colcon_core.verb:set package 'pub1' build argument 'cmake_args' from command line to 'None'
[0.571s] Level 5:colcon.colcon_core.verb:set package 'pub1' build argument 'cmake_target' from command line to 'None'
[0.571s] Level 5:colcon.colcon_core.verb:set package 'pub1' build argument 'cmake_target_skip_unavailable' from command line to 'False'
[0.571s] Level 5:colcon.colcon_core.verb:set package 'pub1' build argument 'cmake_clean_cache' from command line to 'False'
[0.571s] Level 5:colcon.colcon_core.verb:set package 'pub1' build argument 'cmake_clean_first' from command line to 'False'
[0.571s] Level 5:colcon.colcon_core.verb:set package 'pub1' build argument 'cmake_force_configure' from command line to 'False'
[0.571s] Level 5:colcon.colcon_core.verb:set package 'pub1' build argument 'ament_cmake_args' from command line to 'None'
[0.571s] Level 5:colcon.colcon_core.verb:set package 'pub1' build argument 'catkin_cmake_args' from command line to 'None'
[0.571s] Level 5:colcon.colcon_core.verb:set package 'pub1' build argument 'catkin_skip_building_tests' from command line to 'False'
[0.571s] DEBUG:colcon.colcon_core.verb:Building package 'pub1' with the following arguments: {'ament_cmake_args': None, 'build_base': '/home/seongmin/ros2_ws/src/build/pub1', 'catkin_cmake_args': None, 'catkin_skip_building_tests': False, 'cmake_args': None, 'cmake_clean_cache': False, 'cmake_clean_first': False, 'cmake_force_configure': False, 'cmake_target': None, 'cmake_target_skip_unavailable': False, 'install_base': '/home/seongmin/ros2_ws/src/install/pub1', 'merge_install': False, 'path': '/home/seongmin/ros2_ws/src/pub1', 'symlink_install': True, 'test_result_base': None}
[0.571s] INFO:colcon.colcon_core.executor:Executing jobs using 'parallel' executor
[0.573s] DEBUG:colcon.colcon_parallel_executor.executor.parallel:run_until_complete
[0.573s] INFO:colcon.colcon_ros.task.ament_cmake.build:Building ROS package in '/home/seongmin/ros2_ws/src/pub1' with build type 'ament_cmake'
[0.574s] INFO:colcon.colcon_cmake.task.cmake.build:Building CMake package in '/home/seongmin/ros2_ws/src/pub1'
[0.575s] INFO:colcon.colcon_core.plugin_system:Skipping extension 'colcon_core.shell.bat': Not used on non-Windows systems
[0.575s] INFO:colcon.colcon_core.shell:Skip shell extension 'powershell' for command environment: Not usable outside of PowerShell
[0.575s] DEBUG:colcon.colcon_core.shell:Skip shell extension 'dsv' for command environment
[0.595s] DEBUG:colcon.colcon_core.event_handler.log_command:Invoking command in '/home/seongmin/ros2_ws/src/build/pub1': CMAKE_PREFIX_PATH=${CMAKE_PREFIX_PATH}:/opt/ros/foxy /usr/bin/cmake --build /home/seongmin/ros2_ws/src/build/pub1 -- -j8 -l8
[9.172s] DEBUG:colcon.colcon_core.event_handler.log_command:Invoked command in '/home/seongmin/ros2_ws/src/build/pub1' returned '0': CMAKE_PREFIX_PATH=${CMAKE_PREFIX_PATH}:/opt/ros/foxy /usr/bin/cmake --build /home/seongmin/ros2_ws/src/build/pub1 -- -j8 -l8
[9.185s] DEBUG:colcon.colcon_core.event_handler.log_command:Invoking command in '/home/seongmin/ros2_ws/src/build/pub1': CMAKE_PREFIX_PATH=${CMAKE_PREFIX_PATH}:/opt/ros/foxy /usr/bin/cmake --install /home/seongmin/ros2_ws/src/build/pub1
[9.228s] Level 1:colcon.colcon_core.environment:create_environment_scripts_only(pub1)
[9.229s] DEBUG:colcon.colcon_core.event_handler.log_command:Invoked command in '/home/seongmin/ros2_ws/src/build/pub1' returned '0': CMAKE_PREFIX_PATH=${CMAKE_PREFIX_PATH}:/opt/ros/foxy /usr/bin/cmake --install /home/seongmin/ros2_ws/src/build/pub1
[9.233s] Level 1:colcon.colcon_core.environment:checking '/home/seongmin/ros2_ws/src/install/pub1' for CMake module files
[9.234s] Level 1:colcon.colcon_core.environment:checking '/home/seongmin/ros2_ws/src/install/pub1' for CMake config files
[9.234s] Level 1:colcon.colcon_core.shell:create_environment_hook('pub1', 'cmake_prefix_path')
[9.235s] INFO:colcon.colcon_core.shell:Creating environment hook '/home/seongmin/ros2_ws/src/install/pub1/share/pub1/hook/cmake_prefix_path.ps1'
[9.236s] INFO:colcon.colcon_core.shell:Creating environment descriptor '/home/seongmin/ros2_ws/src/install/pub1/share/pub1/hook/cmake_prefix_path.dsv'
[9.237s] INFO:colcon.colcon_core.shell:Creating environment hook '/home/seongmin/ros2_ws/src/install/pub1/share/pub1/hook/cmake_prefix_path.sh'
[9.238s] Level 1:colcon.colcon_core.environment:checking '/home/seongmin/ros2_ws/src/install/pub1/lib'
[9.238s] Level 1:colcon.colcon_core.environment:checking '/home/seongmin/ros2_ws/src/install/pub1/bin'
[9.239s] Level 1:colcon.colcon_core.environment:checking '/home/seongmin/ros2_ws/src/install/pub1/lib/pkgconfig/pub1.pc'
[9.239s] Level 1:colcon.colcon_core.environment:checking '/home/seongmin/ros2_ws/src/install/pub1/lib/python3.8/site-packages'
[9.239s] Level 1:colcon.colcon_core.environment:checking '/home/seongmin/ros2_ws/src/install/pub1/bin'
[9.240s] INFO:colcon.colcon_core.shell:Creating package script '/home/seongmin/ros2_ws/src/install/pub1/share/pub1/package.ps1'
[9.242s] INFO:colcon.colcon_core.shell:Creating package descriptor '/home/seongmin/ros2_ws/src/install/pub1/share/pub1/package.dsv'
[9.243s] INFO:colcon.colcon_core.shell:Creating package script '/home/seongmin/ros2_ws/src/install/pub1/share/pub1/package.sh'
[9.244s] INFO:colcon.colcon_core.shell:Creating package script '/home/seongmin/ros2_ws/src/install/pub1/share/pub1/package.bash'
[9.245s] INFO:colcon.colcon_core.shell:Creating package script '/home/seongmin/ros2_ws/src/install/pub1/share/pub1/package.zsh'
[9.246s] Level 1:colcon.colcon_core.environment:create_file_with_runtime_dependencies(/home/seongmin/ros2_ws/src/install/pub1/share/colcon-core/packages/pub1)
[9.247s] Level 1:colcon.colcon_core.environment:create_environment_scripts_only(pub1)
[9.247s] Level 1:colcon.colcon_core.environment:checking '/home/seongmin/ros2_ws/src/install/pub1' for CMake module files
[9.248s] Level 1:colcon.colcon_core.environment:checking '/home/seongmin/ros2_ws/src/install/pub1' for CMake config files
[9.248s] Level 1:colcon.colcon_core.shell:create_environment_hook('pub1', 'cmake_prefix_path')
[9.248s] INFO:colcon.colcon_core.shell:Creating environment hook '/home/seongmin/ros2_ws/src/install/pub1/share/pub1/hook/cmake_prefix_path.ps1'
[9.249s] INFO:colcon.colcon_core.shell:Creating environment descriptor '/home/seongmin/ros2_ws/src/install/pub1/share/pub1/hook/cmake_prefix_path.dsv'
[9.249s] INFO:colcon.colcon_core.shell:Creating environment hook '/home/seongmin/ros2_ws/src/install/pub1/share/pub1/hook/cmake_prefix_path.sh'
[9.250s] Level 1:colcon.colcon_core.environment:checking '/home/seongmin/ros2_ws/src/install/pub1/lib'
[9.250s] Level 1:colcon.colcon_core.environment:checking '/home/seongmin/ros2_ws/src/install/pub1/bin'
[9.250s] Level 1:colcon.colcon_core.environment:checking '/home/seongmin/ros2_ws/src/install/pub1/lib/pkgconfig/pub1.pc'
[9.250s] Level 1:colcon.colcon_core.environment:checking '/home/seongmin/ros2_ws/src/install/pub1/lib/python3.8/site-packages'
[9.251s] Level 1:colcon.colcon_core.environment:checking '/home/seongmin/ros2_ws/src/install/pub1/bin'
[9.251s] INFO:colcon.colcon_core.shell:Creating package script '/home/seongmin/ros2_ws/src/install/pub1/share/pub1/package.ps1'
[9.252s] INFO:colcon.colcon_core.shell:Creating package descriptor '/home/seongmin/ros2_ws/src/install/pub1/share/pub1/package.dsv'
[9.253s] INFO:colcon.colcon_core.shell:Creating package script '/home/seongmin/ros2_ws/src/install/pub1/share/pub1/package.sh'
[9.254s] INFO:colcon.colcon_core.shell:Creating package script '/home/seongmin/ros2_ws/src/install/pub1/share/pub1/package.bash'
[9.256s] INFO:colcon.colcon_core.shell:Creating package script '/home/seongmin/ros2_ws/src/install/pub1/share/pub1/package.zsh'
[9.257s] Level 1:colcon.colcon_core.environment:create_file_with_runtime_dependencies(/home/seongmin/ros2_ws/src/install/pub1/share/colcon-core/packages/pub1)
[9.257s] DEBUG:colcon.colcon_parallel_executor.executor.parallel:closing loop
[9.258s] DEBUG:colcon.colcon_parallel_executor.executor.parallel:loop closed
[9.258s] DEBUG:colcon.colcon_parallel_executor.executor.parallel:run_until_complete finished with '0'
[9.258s] DEBUG:colcon.colcon_core.event_reactor:joining thread
[9.295s] INFO:colcon.colcon_core.plugin_system:Skipping extension 'colcon_notification.desktop_notification.notify_send': Could not find 'notify-send'
[9.295s] INFO:colcon.colcon_core.plugin_system:Skipping extension 'colcon_notification.desktop_notification.terminal_notifier': Not used on non-Darwin systems
[9.296s] INFO:colcon.colcon_core.plugin_system:Skipping extension 'colcon_notification.desktop_notification.win32': Not used on non-Windows systems
[9.296s] INFO:colcon.colcon_notification.desktop_notification:Sending desktop notification using 'notify2'
[9.297s] DEBUG:colcon.colcon_notification.desktop_notification.notify2:Failed to initialize notify2: org.freedesktop.DBus.Error.ServiceUnknown: The name org.freedesktop.Notifications was not provided by any .service files
[9.297s] DEBUG:colcon.colcon_core.event_reactor:joined thread
[9.298s] INFO:colcon.colcon_core.shell:Creating prefix script '/home/seongmin/ros2_ws/src/install/local_setup.ps1'
[9.299s] INFO:colcon.colcon_core.shell:Creating prefix util module '/home/seongmin/ros2_ws/src/install/_local_setup_util_ps1.py'
[9.300s] INFO:colcon.colcon_core.shell:Creating prefix chain script '/home/seongmin/ros2_ws/src/install/setup.ps1'
[9.302s] INFO:colcon.colcon_core.shell:Creating prefix script '/home/seongmin/ros2_ws/src/install/local_setup.sh'
[9.303s] INFO:colcon.colcon_core.shell:Creating prefix util module '/home/seongmin/ros2_ws/src/install/_local_setup_util_sh.py'
[9.304s] INFO:colcon.colcon_core.shell:Creating prefix chain script '/home/seongmin/ros2_ws/src/install/setup.sh'
[9.305s] INFO:colcon.colcon_core.shell:Creating prefix script '/home/seongmin/ros2_ws/src/install/local_setup.bash'
[9.306s] INFO:colcon.colcon_core.shell:Creating prefix chain script '/home/seongmin/ros2_ws/src/install/setup.bash'
[9.307s] INFO:colcon.colcon_core.shell:Creating prefix script '/home/seongmin/ros2_ws/src/install/local_setup.zsh'
[9.308s] INFO:colcon.colcon_core.shell:Creating prefix chain script '/home/seongmin/ros2_ws/src/install/setup.zsh'
