[0.018s] Invoking command in '/home/seongmin/ros2_ws/src/build/pub1-2': CMAKE_PREFIX_PATH=${CMAKE_PREFIX_PATH}:/opt/ros/foxy /usr/bin/cmake /home/seongmin/ros2_ws/src/pub1-2 -DAMENT_CMAKE_SYMLINK_INSTALL=1 -DCMAKE_INSTALL_PREFIX=/home/seongmin/ros2_ws/src/install/pub1-2
[0.148s] -- The C compiler identification is GNU 9.4.0
[0.290s] -- The CXX compiler identification is GNU 9.4.0
[0.348s] -- Check for working C compiler: /usr/bin/cc
[0.470s] -- Check for working C compiler: /usr/bin/cc -- works
[0.471s] -- Detecting C compiler ABI info
[0.594s] -- Detecting C compiler ABI info - done
[0.605s] -- Detecting C compile features
[0.605s] -- Detecting C compile features - done
[0.609s] -- Check for working CXX compiler: /usr/bin/c++
[0.769s] -- Check for working CXX compiler: /usr/bin/c++ -- works
[0.770s] -- Detecting CXX compiler ABI info
[0.926s] -- Detecting CXX compiler ABI info - done
[0.940s] -- Detecting CXX compile features
[0.941s] -- Detecting CXX compile features - done
[0.944s] -- Found ament_cmake: 0.9.12 (/opt/ros/foxy/share/ament_cmake/cmake)
[0.984s] -- Found PythonInterp: /usr/bin/python3 (found suitable version "3.8.10", minimum required is "3") 
[0.984s] -- Using PYTHON_EXECUTABLE: /usr/bin/python3
[1.199s] -- Override CMake install command with custom implementation using symlinks instead of copying resources
[1.219s] -- Found rclcpp: 2.4.3 (/opt/ros/foxy/share/rclcpp/cmake)
[1.444s] -- Using all available rosidl_typesupport_c: rosidl_typesupport_fastrtps_c;rosidl_typesupport_introspection_c
[1.450s] -- Found rosidl_adapter: 1.3.1 (/opt/ros/foxy/share/rosidl_adapter/cmake)
[2.093s] -- Found OpenSSL: /usr/lib/x86_64-linux-gnu/libcrypto.so (found version "1.1.1f")  
[2.761s] -- Found FastRTPS: /opt/ros/foxy/include  
[4.281s] -- Using all available rosidl_typesupport_cpp: rosidl_typesupport_fastrtps_cpp;rosidl_typesupport_introspection_cpp
[4.335s] -- Found rmw_implementation_cmake: 1.0.4 (/opt/ros/foxy/share/rmw_implementation_cmake/cmake)
[4.336s] -- Using RMW implementation 'rmw_fastrtps_cpp' as default
[4.337s] -- Looking for pthread.h
[4.427s] -- Looking for pthread.h - found
[4.428s] -- Performing Test CMAKE_HAVE_LIBC_PTHREAD
[4.550s] -- Performing Test CMAKE_HAVE_LIBC_PTHREAD - Failed
[4.550s] -- Looking for pthread_create in pthreads
[4.654s] -- Looking for pthread_create in pthreads - not found
[4.654s] -- Looking for pthread_create in pthread
[4.808s] -- Looking for pthread_create in pthread - found
[4.810s] -- Found Threads: TRUE  
[5.002s] -- Found geometry_msgs: 2.0.5 (/opt/ros/foxy/share/geometry_msgs/cmake)
[5.045s] -- Found ament_lint_auto: 0.9.8 (/opt/ros/foxy/share/ament_lint_auto/cmake)
[5.125s] -- Added test 'copyright' to check source files copyright and LICENSE
[5.128s] -- Added test 'cppcheck' to perform static code analysis on C / C++ code
[5.128s] -- Configured cppcheck include dirs: 
[5.128s] -- Configured cppcheck exclude dirs and/or files: 
[5.129s] -- Added test 'cpplint' to check C / C++ code against the Google style
[5.129s] -- Configured cpplint exclude dirs and/or files: 
[5.131s] -- Added test 'lint_cmake' to check CMake code style
[5.132s] -- Added test 'uncrustify' to check C / C++ code style
[5.133s] -- Configured uncrustify additional arguments: 
[5.133s] -- Added test 'xmllint' to check XML markup files
[5.137s] -- Configuring done
[5.146s] -- Generating done
[5.151s] -- Build files have been written to: /home/seongmin/ros2_ws/src/build/pub1-2
[5.163s] Invoked command in '/home/seongmin/ros2_ws/src/build/pub1-2' returned '0': CMAKE_PREFIX_PATH=${CMAKE_PREFIX_PATH}:/opt/ros/foxy /usr/bin/cmake /home/seongmin/ros2_ws/src/pub1-2 -DAMENT_CMAKE_SYMLINK_INSTALL=1 -DCMAKE_INSTALL_PREFIX=/home/seongmin/ros2_ws/src/install/pub1-2
[5.166s] Invoking command in '/home/seongmin/ros2_ws/src/build/pub1-2': CMAKE_PREFIX_PATH=${CMAKE_PREFIX_PATH}:/opt/ros/foxy /usr/bin/cmake --build /home/seongmin/ros2_ws/src/build/pub1-2 -- -j8 -l8
[5.204s] [35m[1mScanning dependencies of target pub1-2[0m
[5.262s] [ 50%] [32mBuilding CXX object CMakeFiles/pub1-2.dir/src/pub1-2.cpp.o[0m
[8.714s] [100%] [32m[1mLinking CXX executable pub1-2[0m
[8.951s] [100%] Built target pub1-2
[8.970s] Invoked command in '/home/seongmin/ros2_ws/src/build/pub1-2' returned '0': CMAKE_PREFIX_PATH=${CMAKE_PREFIX_PATH}:/opt/ros/foxy /usr/bin/cmake --build /home/seongmin/ros2_ws/src/build/pub1-2 -- -j8 -l8
[8.987s] Invoking command in '/home/seongmin/ros2_ws/src/build/pub1-2': CMAKE_PREFIX_PATH=${CMAKE_PREFIX_PATH}:/opt/ros/foxy /usr/bin/cmake --install /home/seongmin/ros2_ws/src/build/pub1-2
[8.997s] -- Install configuration: ""
[8.999s] -- Execute custom install script
[9.000s] -- Symlinking: /home/seongmin/ros2_ws/src/install/pub1-2/lib/pub1-2/pub1-2
[9.011s] -- Symlinking: /home/seongmin/ros2_ws/src/install/pub1-2/share/ament_index/resource_index/package_run_dependencies/pub1-2
[9.021s] -- Symlinking: /home/seongmin/ros2_ws/src/install/pub1-2/share/ament_index/resource_index/parent_prefix_path/pub1-2
[9.032s] -- Symlinking: /home/seongmin/ros2_ws/src/install/pub1-2/share/pub1-2/environment/ament_prefix_path.sh
[9.039s] -- Symlinking: /home/seongmin/ros2_ws/src/install/pub1-2/share/pub1-2/environment/ament_prefix_path.dsv
[9.049s] -- Symlinking: /home/seongmin/ros2_ws/src/install/pub1-2/share/pub1-2/environment/path.sh
[9.060s] -- Symlinking: /home/seongmin/ros2_ws/src/install/pub1-2/share/pub1-2/environment/path.dsv
[9.074s] -- Symlinking: /home/seongmin/ros2_ws/src/install/pub1-2/share/pub1-2/local_setup.bash
[9.083s] -- Symlinking: /home/seongmin/ros2_ws/src/install/pub1-2/share/pub1-2/local_setup.sh
[9.091s] -- Symlinking: /home/seongmin/ros2_ws/src/install/pub1-2/share/pub1-2/local_setup.zsh
[9.100s] -- Symlinking: /home/seongmin/ros2_ws/src/install/pub1-2/share/pub1-2/local_setup.dsv
[9.111s] -- Symlinking: /home/seongmin/ros2_ws/src/install/pub1-2/share/pub1-2/package.dsv
[9.122s] -- Symlinking: /home/seongmin/ros2_ws/src/install/pub1-2/share/ament_index/resource_index/packages/pub1-2
[9.130s] -- Symlinking: /home/seongmin/ros2_ws/src/install/pub1-2/share/pub1-2/cmake/pub1-2Config.cmake
[9.138s] -- Symlinking: /home/seongmin/ros2_ws/src/install/pub1-2/share/pub1-2/cmake/pub1-2Config-version.cmake
[9.146s] -- Symlinking: /home/seongmin/ros2_ws/src/install/pub1-2/share/pub1-2/package.xml
[9.160s] Invoked command in '/home/seongmin/ros2_ws/src/build/pub1-2' returned '0': CMAKE_PREFIX_PATH=${CMAKE_PREFIX_PATH}:/opt/ros/foxy /usr/bin/cmake --install /home/seongmin/ros2_ws/src/build/pub1-2
