[0.775s] DEBUG:colcon:Command line arguments: ['/usr/bin/colcon', 'build', '--symlink-install', '--packages-select', 'pub1-3']
[0.775s] DEBUG:colcon:Parsed command line arguments: Namespace(allow_overriding=[], ament_cmake_args=None, base_paths=['.'], build_base='build', catkin_cmake_args=None, catkin_skip_building_tests=False, cmake_args=None, cmake_clean_cache=False, cmake_clean_first=False, cmake_force_configure=False, cmake_target=None, cmake_target_skip_unavailable=False, continue_on_error=False, event_handlers=None, executor='parallel', ignore_user_meta=False, install_base='install', log_base=None, log_level=None, main=<bound method BuildVerb.main of <colcon_core.verb.build.BuildVerb object at 0x7f2c77afd1c0>>, merge_install=False, metas=['./colcon.meta'], packages_above=None, packages_above_and_dependencies=None, packages_above_depth=None, packages_end=None, packages_ignore=None, packages_ignore_regex=None, packages_select=['pub1-3'], packages_select_build_failed=False, packages_select_by_dep=None, packages_select_regex=None, packages_select_test_failures=False, packages_skip=None, packages_skip_build_finished=False, packages_skip_by_dep=None, packages_skip_regex=None, packages_skip_test_passed=False, packages_skip_up_to=None, packages_start=None, packages_up_to=None, packages_up_to_regex=None, parallel_workers=8, paths=None, symlink_install=True, test_result_base=None, verb_extension=<colcon_core.verb.build.BuildVerb object at 0x7f2c77afd1c0>, verb_name='build', verb_parser=<colcon_defaults.argument_parser.defaults.DefaultArgumentsDecorator object at 0x7f2c77a81a90>)
[1.092s] Level 1:colcon.colcon_core.package_discovery:discover_packages(colcon_meta) check parameters
[1.092s] Level 1:colcon.colcon_core.package_discovery:discover_packages(recursive) check parameters
[1.092s] Level 1:colcon.colcon_core.package_discovery:discover_packages(ignore) check parameters
[1.092s] Level 1:colcon.colcon_core.package_discovery:discover_packages(path) check parameters
[1.092s] Level 1:colcon.colcon_core.package_discovery:discover_packages(colcon_meta) discover
[1.092s] Level 1:colcon.colcon_core.package_discovery:discover_packages(recursive) discover
[1.092s] INFO:colcon.colcon_core.package_discovery:Crawling recursively for packages in '/home/seongmin/ros2_ws'
[1.092s] Level 1:colcon.colcon_core.package_identification:_identify(.) by extensions ['ignore', 'ignore_ament_install']
[1.093s] Level 1:colcon.colcon_core.package_identification:_identify(.) by extension 'ignore'
[1.093s] Level 1:colcon.colcon_core.package_identification:_identify(.) by extension 'ignore_ament_install'
[1.093s] Level 1:colcon.colcon_core.package_identification:_identify(.) by extensions ['colcon_pkg']
[1.093s] Level 1:colcon.colcon_core.package_identification:_identify(.) by extension 'colcon_pkg'
[1.093s] Level 1:colcon.colcon_core.package_identification:_identify(.) by extensions ['colcon_meta']
[1.093s] Level 1:colcon.colcon_core.package_identification:_identify(.) by extension 'colcon_meta'
[1.093s] Level 1:colcon.colcon_core.package_identification:_identify(.) by extensions ['ros']
[1.094s] Level 1:colcon.colcon_core.package_identification:_identify(.) by extension 'ros'
[1.112s] Level 1:colcon.colcon_core.package_identification:_identify(.) by extensions ['cmake', 'python']
[1.112s] Level 1:colcon.colcon_core.package_identification:_identify(.) by extension 'cmake'
[1.112s] Level 1:colcon.colcon_core.package_identification:_identify(.) by extension 'python'
[1.112s] Level 1:colcon.colcon_core.package_identification:_identify(.) by extensions ['python_setup_py']
[1.112s] Level 1:colcon.colcon_core.package_identification:_identify(.) by extension 'python_setup_py'
[1.113s] Level 1:colcon.colcon_core.package_identification:_identify(build) by extensions ['ignore', 'ignore_ament_install']
[1.113s] Level 1:colcon.colcon_core.package_identification:_identify(build) by extension 'ignore'
[1.113s] Level 1:colcon.colcon_core.package_identification:_identify(build) ignored
[1.113s] Level 1:colcon.colcon_core.package_identification:_identify(install) by extensions ['ignore', 'ignore_ament_install']
[1.114s] Level 1:colcon.colcon_core.package_identification:_identify(install) by extension 'ignore'
[1.114s] Level 1:colcon.colcon_core.package_identification:_identify(install) ignored
[1.114s] Level 1:colcon.colcon_core.package_identification:_identify(log) by extensions ['ignore', 'ignore_ament_install']
[1.114s] Level 1:colcon.colcon_core.package_identification:_identify(log) by extension 'ignore'
[1.114s] Level 1:colcon.colcon_core.package_identification:_identify(log) ignored
[1.114s] Level 1:colcon.colcon_core.package_identification:_identify(src) by extensions ['ignore', 'ignore_ament_install']
[1.115s] Level 1:colcon.colcon_core.package_identification:_identify(src) by extension 'ignore'
[1.115s] Level 1:colcon.colcon_core.package_identification:_identify(src) by extension 'ignore_ament_install'
[1.115s] Level 1:colcon.colcon_core.package_identification:_identify(src) by extensions ['colcon_pkg']
[1.115s] Level 1:colcon.colcon_core.package_identification:_identify(src) by extension 'colcon_pkg'
[1.115s] Level 1:colcon.colcon_core.package_identification:_identify(src) by extensions ['colcon_meta']
[1.115s] Level 1:colcon.colcon_core.package_identification:_identify(src) by extension 'colcon_meta'
[1.115s] Level 1:colcon.colcon_core.package_identification:_identify(src) by extensions ['ros']
[1.115s] Level 1:colcon.colcon_core.package_identification:_identify(src) by extension 'ros'
[1.115s] Level 1:colcon.colcon_core.package_identification:_identify(src) by extensions ['cmake', 'python']
[1.115s] Level 1:colcon.colcon_core.package_identification:_identify(src) by extension 'cmake'
[1.115s] Level 1:colcon.colcon_core.package_identification:_identify(src) by extension 'python'
[1.115s] Level 1:colcon.colcon_core.package_identification:_identify(src) by extensions ['python_setup_py']
[1.116s] Level 1:colcon.colcon_core.package_identification:_identify(src) by extension 'python_setup_py'
[1.116s] Level 1:colcon.colcon_core.package_identification:_identify(src/build) by extensions ['ignore', 'ignore_ament_install']
[1.116s] Level 1:colcon.colcon_core.package_identification:_identify(src/build) by extension 'ignore'
[1.116s] Level 1:colcon.colcon_core.package_identification:_identify(src/build) ignored
[1.117s] Level 1:colcon.colcon_core.package_identification:_identify(src/install) by extensions ['ignore', 'ignore_ament_install']
[1.117s] Level 1:colcon.colcon_core.package_identification:_identify(src/install) by extension 'ignore'
[1.117s] Level 1:colcon.colcon_core.package_identification:_identify(src/install) ignored
[1.117s] Level 1:colcon.colcon_core.package_identification:_identify(src/log) by extensions ['ignore', 'ignore_ament_install']
[1.117s] Level 1:colcon.colcon_core.package_identification:_identify(src/log) by extension 'ignore'
[1.117s] Level 1:colcon.colcon_core.package_identification:_identify(src/log) ignored
[1.118s] Level 1:colcon.colcon_core.package_identification:_identify(src/pub1) by extensions ['ignore', 'ignore_ament_install']
[1.118s] Level 1:colcon.colcon_core.package_identification:_identify(src/pub1) by extension 'ignore'
[1.118s] Level 1:colcon.colcon_core.package_identification:_identify(src/pub1) by extension 'ignore_ament_install'
[1.118s] Level 1:colcon.colcon_core.package_identification:_identify(src/pub1) by extensions ['colcon_pkg']
[1.118s] Level 1:colcon.colcon_core.package_identification:_identify(src/pub1) by extension 'colcon_pkg'
[1.118s] Level 1:colcon.colcon_core.package_identification:_identify(src/pub1) by extensions ['colcon_meta']
[1.118s] Level 1:colcon.colcon_core.package_identification:_identify(src/pub1) by extension 'colcon_meta'
[1.118s] Level 1:colcon.colcon_core.package_identification:_identify(src/pub1) by extensions ['ros']
[1.118s] Level 1:colcon.colcon_core.package_identification:_identify(src/pub1) by extension 'ros'
[1.123s] DEBUG:colcon.colcon_core.package_identification:Package 'src/pub1' with type 'ros.ament_cmake' and name 'pub1'
[1.123s] Level 1:colcon.colcon_core.package_identification:_identify(src/pub1-2) by extensions ['ignore', 'ignore_ament_install']
[1.123s] Level 1:colcon.colcon_core.package_identification:_identify(src/pub1-2) by extension 'ignore'
[1.123s] Level 1:colcon.colcon_core.package_identification:_identify(src/pub1-2) by extension 'ignore_ament_install'
[1.124s] Level 1:colcon.colcon_core.package_identification:_identify(src/pub1-2) by extensions ['colcon_pkg']
[1.124s] Level 1:colcon.colcon_core.package_identification:_identify(src/pub1-2) by extension 'colcon_pkg'
[1.124s] Level 1:colcon.colcon_core.package_identification:_identify(src/pub1-2) by extensions ['colcon_meta']
[1.124s] Level 1:colcon.colcon_core.package_identification:_identify(src/pub1-2) by extension 'colcon_meta'
[1.124s] Level 1:colcon.colcon_core.package_identification:_identify(src/pub1-2) by extensions ['ros']
[1.124s] Level 1:colcon.colcon_core.package_identification:_identify(src/pub1-2) by extension 'ros'
[1.125s] DEBUG:colcon.colcon_core.package_identification:Package 'src/pub1-2' with type 'ros.ament_cmake' and name 'pub1-2'
[1.125s] Level 1:colcon.colcon_core.package_identification:_identify(src/pub1-3) by extensions ['ignore', 'ignore_ament_install']
[1.125s] Level 1:colcon.colcon_core.package_identification:_identify(src/pub1-3) by extension 'ignore'
[1.125s] Level 1:colcon.colcon_core.package_identification:_identify(src/pub1-3) by extension 'ignore_ament_install'
[1.125s] Level 1:colcon.colcon_core.package_identification:_identify(src/pub1-3) by extensions ['colcon_pkg']
[1.125s] Level 1:colcon.colcon_core.package_identification:_identify(src/pub1-3) by extension 'colcon_pkg'
[1.125s] Level 1:colcon.colcon_core.package_identification:_identify(src/pub1-3) by extensions ['colcon_meta']
[1.126s] Level 1:colcon.colcon_core.package_identification:_identify(src/pub1-3) by extension 'colcon_meta'
[1.126s] Level 1:colcon.colcon_core.package_identification:_identify(src/pub1-3) by extensions ['ros']
[1.126s] Level 1:colcon.colcon_core.package_identification:_identify(src/pub1-3) by extension 'ros'
[1.127s] DEBUG:colcon.colcon_core.package_identification:Package 'src/pub1-3' with type 'ros.ament_cmake' and name 'pub1-3'
[1.127s] Level 1:colcon.colcon_core.package_discovery:discover_packages(recursive) using defaults
[1.127s] Level 1:colcon.colcon_core.package_discovery:discover_packages(ignore) discover
[1.127s] Level 1:colcon.colcon_core.package_discovery:discover_packages(ignore) using defaults
[1.127s] Level 1:colcon.colcon_core.package_discovery:discover_packages(path) discover
[1.127s] Level 1:colcon.colcon_core.package_discovery:discover_packages(path) using defaults
[1.156s] INFO:colcon.colcon_core.package_selection:Skipping not selected package 'pub1' in 'src/pub1'
[1.156s] INFO:colcon.colcon_core.package_selection:Skipping not selected package 'pub1-2' in 'src/pub1-2'
[1.157s] Level 1:colcon.colcon_core.package_discovery:discover_packages(prefix_path) check parameters
[1.157s] Level 1:colcon.colcon_core.package_discovery:discover_packages(prefix_path) discover
[1.161s] DEBUG:colcon.colcon_installed_package_information.package_discovery:Found 2 installed packages in /home/seongmin/ros2_ws/src/install
[1.162s] DEBUG:colcon.colcon_installed_package_information.package_discovery:Found 0 installed packages in /home/seongmin/ros2_ws/install
[1.164s] DEBUG:colcon.colcon_installed_package_information.package_discovery:Found 258 installed packages in /opt/ros/foxy
[1.176s] Level 1:colcon.colcon_core.package_discovery:discover_packages(prefix_path) using defaults
[1.304s] Level 5:colcon.colcon_core.verb:set package 'pub1-3' build argument 'cmake_args' from command line to 'None'
[1.304s] Level 5:colcon.colcon_core.verb:set package 'pub1-3' build argument 'cmake_target' from command line to 'None'
[1.304s] Level 5:colcon.colcon_core.verb:set package 'pub1-3' build argument 'cmake_target_skip_unavailable' from command line to 'False'
[1.304s] Level 5:colcon.colcon_core.verb:set package 'pub1-3' build argument 'cmake_clean_cache' from command line to 'False'
[1.304s] Level 5:colcon.colcon_core.verb:set package 'pub1-3' build argument 'cmake_clean_first' from command line to 'False'
[1.304s] Level 5:colcon.colcon_core.verb:set package 'pub1-3' build argument 'cmake_force_configure' from command line to 'False'
[1.304s] Level 5:colcon.colcon_core.verb:set package 'pub1-3' build argument 'ament_cmake_args' from command line to 'None'
[1.304s] Level 5:colcon.colcon_core.verb:set package 'pub1-3' build argument 'catkin_cmake_args' from command line to 'None'
[1.304s] Level 5:colcon.colcon_core.verb:set package 'pub1-3' build argument 'catkin_skip_building_tests' from command line to 'False'
[1.304s] DEBUG:colcon.colcon_core.verb:Building package 'pub1-3' with the following arguments: {'ament_cmake_args': None, 'build_base': '/home/seongmin/ros2_ws/build/pub1-3', 'catkin_cmake_args': None, 'catkin_skip_building_tests': False, 'cmake_args': None, 'cmake_clean_cache': False, 'cmake_clean_first': False, 'cmake_force_configure': False, 'cmake_target': None, 'cmake_target_skip_unavailable': False, 'install_base': '/home/seongmin/ros2_ws/install/pub1-3', 'merge_install': False, 'path': '/home/seongmin/ros2_ws/src/pub1-3', 'symlink_install': True, 'test_result_base': None}
[1.305s] INFO:colcon.colcon_core.executor:Executing jobs using 'parallel' executor
[1.308s] DEBUG:colcon.colcon_parallel_executor.executor.parallel:run_until_complete
[1.308s] INFO:colcon.colcon_ros.task.ament_cmake.build:Building ROS package in '/home/seongmin/ros2_ws/src/pub1-3' with build type 'ament_cmake'
[1.309s] INFO:colcon.colcon_cmake.task.cmake.build:Building CMake package in '/home/seongmin/ros2_ws/src/pub1-3'
[1.315s] INFO:colcon.colcon_core.plugin_system:Skipping extension 'colcon_core.shell.bat': Not used on non-Windows systems
[1.315s] INFO:colcon.colcon_core.shell:Skip shell extension 'powershell' for command environment: Not usable outside of PowerShell
[1.315s] DEBUG:colcon.colcon_core.shell:Skip shell extension 'dsv' for command environment
[1.332s] DEBUG:colcon.colcon_core.event_handler.log_command:Invoking command in '/home/seongmin/ros2_ws/build/pub1-3': CMAKE_PREFIX_PATH=${CMAKE_PREFIX_PATH}:/opt/ros/foxy /usr/bin/cmake /home/seongmin/ros2_ws/src/pub1-3 -DAMENT_CMAKE_SYMLINK_INSTALL=1 -DCMAKE_INSTALL_PREFIX=/home/seongmin/ros2_ws/install/pub1-3
[8.887s] DEBUG:colcon.colcon_core.event_handler.log_command:Invoked command in '/home/seongmin/ros2_ws/build/pub1-3' returned '0': CMAKE_PREFIX_PATH=${CMAKE_PREFIX_PATH}:/opt/ros/foxy /usr/bin/cmake /home/seongmin/ros2_ws/src/pub1-3 -DAMENT_CMAKE_SYMLINK_INSTALL=1 -DCMAKE_INSTALL_PREFIX=/home/seongmin/ros2_ws/install/pub1-3
[8.892s] DEBUG:colcon.colcon_core.event_handler.log_command:Invoking command in '/home/seongmin/ros2_ws/build/pub1-3': CMAKE_PREFIX_PATH=${CMAKE_PREFIX_PATH}:/opt/ros/foxy /usr/bin/cmake --build /home/seongmin/ros2_ws/build/pub1-3 -- -j8 -l8
[13.496s] DEBUG:colcon.colcon_core.event_handler.log_command:Invoked command in '/home/seongmin/ros2_ws/build/pub1-3' returned '0': CMAKE_PREFIX_PATH=${CMAKE_PREFIX_PATH}:/opt/ros/foxy /usr/bin/cmake --build /home/seongmin/ros2_ws/build/pub1-3 -- -j8 -l8
[13.516s] DEBUG:colcon.colcon_core.event_handler.log_command:Invoking command in '/home/seongmin/ros2_ws/build/pub1-3': CMAKE_PREFIX_PATH=${CMAKE_PREFIX_PATH}:/opt/ros/foxy /usr/bin/cmake --install /home/seongmin/ros2_ws/build/pub1-3
[13.692s] Level 1:colcon.colcon_core.environment:create_environment_scripts_only(pub1-3)
[13.694s] DEBUG:colcon.colcon_core.event_handler.log_command:Invoked command in '/home/seongmin/ros2_ws/build/pub1-3' returned '0': CMAKE_PREFIX_PATH=${CMAKE_PREFIX_PATH}:/opt/ros/foxy /usr/bin/cmake --install /home/seongmin/ros2_ws/build/pub1-3
[13.704s] Level 1:colcon.colcon_core.environment:checking '/home/seongmin/ros2_ws/install/pub1-3' for CMake module files
[13.705s] Level 1:colcon.colcon_core.environment:checking '/home/seongmin/ros2_ws/install/pub1-3' for CMake config files
[13.705s] Level 1:colcon.colcon_core.shell:create_environment_hook('pub1-3', 'cmake_prefix_path')
[13.706s] INFO:colcon.colcon_core.shell:Creating environment hook '/home/seongmin/ros2_ws/install/pub1-3/share/pub1-3/hook/cmake_prefix_path.ps1'
[13.709s] INFO:colcon.colcon_core.shell:Creating environment descriptor '/home/seongmin/ros2_ws/install/pub1-3/share/pub1-3/hook/cmake_prefix_path.dsv'
[13.710s] INFO:colcon.colcon_core.shell:Creating environment hook '/home/seongmin/ros2_ws/install/pub1-3/share/pub1-3/hook/cmake_prefix_path.sh'
[13.712s] Level 1:colcon.colcon_core.environment:checking '/home/seongmin/ros2_ws/install/pub1-3/lib'
[13.712s] Level 1:colcon.colcon_core.environment:checking '/home/seongmin/ros2_ws/install/pub1-3/bin'
[13.712s] Level 1:colcon.colcon_core.environment:checking '/home/seongmin/ros2_ws/install/pub1-3/lib/pkgconfig/pub1-3.pc'
[13.713s] Level 1:colcon.colcon_core.environment:checking '/home/seongmin/ros2_ws/install/pub1-3/lib/python3.8/site-packages'
[13.713s] Level 1:colcon.colcon_core.environment:checking '/home/seongmin/ros2_ws/install/pub1-3/bin'
[13.713s] INFO:colcon.colcon_core.shell:Creating package script '/home/seongmin/ros2_ws/install/pub1-3/share/pub1-3/package.ps1'
[13.715s] INFO:colcon.colcon_core.shell:Creating package descriptor '/home/seongmin/ros2_ws/install/pub1-3/share/pub1-3/package.dsv'
[13.716s] INFO:colcon.colcon_core.shell:Creating package script '/home/seongmin/ros2_ws/install/pub1-3/share/pub1-3/package.sh'
[13.717s] INFO:colcon.colcon_core.shell:Creating package script '/home/seongmin/ros2_ws/install/pub1-3/share/pub1-3/package.bash'
[13.719s] INFO:colcon.colcon_core.shell:Creating package script '/home/seongmin/ros2_ws/install/pub1-3/share/pub1-3/package.zsh'
[13.720s] Level 1:colcon.colcon_core.environment:create_file_with_runtime_dependencies(/home/seongmin/ros2_ws/install/pub1-3/share/colcon-core/packages/pub1-3)
[13.721s] Level 1:colcon.colcon_core.environment:create_environment_scripts_only(pub1-3)
[13.721s] Level 1:colcon.colcon_core.environment:checking '/home/seongmin/ros2_ws/install/pub1-3' for CMake module files
[13.722s] Level 1:colcon.colcon_core.environment:checking '/home/seongmin/ros2_ws/install/pub1-3' for CMake config files
[13.722s] Level 1:colcon.colcon_core.shell:create_environment_hook('pub1-3', 'cmake_prefix_path')
[13.723s] INFO:colcon.colcon_core.shell:Creating environment hook '/home/seongmin/ros2_ws/install/pub1-3/share/pub1-3/hook/cmake_prefix_path.ps1'
[13.723s] INFO:colcon.colcon_core.shell:Creating environment descriptor '/home/seongmin/ros2_ws/install/pub1-3/share/pub1-3/hook/cmake_prefix_path.dsv'
[13.724s] INFO:colcon.colcon_core.shell:Creating environment hook '/home/seongmin/ros2_ws/install/pub1-3/share/pub1-3/hook/cmake_prefix_path.sh'
[13.725s] Level 1:colcon.colcon_core.environment:checking '/home/seongmin/ros2_ws/install/pub1-3/lib'
[13.725s] Level 1:colcon.colcon_core.environment:checking '/home/seongmin/ros2_ws/install/pub1-3/bin'
[13.725s] Level 1:colcon.colcon_core.environment:checking '/home/seongmin/ros2_ws/install/pub1-3/lib/pkgconfig/pub1-3.pc'
[13.725s] Level 1:colcon.colcon_core.environment:checking '/home/seongmin/ros2_ws/install/pub1-3/lib/python3.8/site-packages'
[13.725s] Level 1:colcon.colcon_core.environment:checking '/home/seongmin/ros2_ws/install/pub1-3/bin'
[13.726s] INFO:colcon.colcon_core.shell:Creating package script '/home/seongmin/ros2_ws/install/pub1-3/share/pub1-3/package.ps1'
[13.726s] INFO:colcon.colcon_core.shell:Creating package descriptor '/home/seongmin/ros2_ws/install/pub1-3/share/pub1-3/package.dsv'
[13.727s] INFO:colcon.colcon_core.shell:Creating package script '/home/seongmin/ros2_ws/install/pub1-3/share/pub1-3/package.sh'
[13.727s] INFO:colcon.colcon_core.shell:Creating package script '/home/seongmin/ros2_ws/install/pub1-3/share/pub1-3/package.bash'
[13.728s] INFO:colcon.colcon_core.shell:Creating package script '/home/seongmin/ros2_ws/install/pub1-3/share/pub1-3/package.zsh'
[13.728s] Level 1:colcon.colcon_core.environment:create_file_with_runtime_dependencies(/home/seongmin/ros2_ws/install/pub1-3/share/colcon-core/packages/pub1-3)
[13.729s] DEBUG:colcon.colcon_parallel_executor.executor.parallel:closing loop
[13.730s] DEBUG:colcon.colcon_parallel_executor.executor.parallel:loop closed
[13.730s] DEBUG:colcon.colcon_parallel_executor.executor.parallel:run_until_complete finished with '0'
[13.730s] DEBUG:colcon.colcon_core.event_reactor:joining thread
[13.775s] INFO:colcon.colcon_core.plugin_system:Skipping extension 'colcon_notification.desktop_notification.notify_send': Could not find 'notify-send'
[13.775s] INFO:colcon.colcon_core.plugin_system:Skipping extension 'colcon_notification.desktop_notification.terminal_notifier': Not used on non-Darwin systems
[13.775s] INFO:colcon.colcon_core.plugin_system:Skipping extension 'colcon_notification.desktop_notification.win32': Not used on non-Windows systems
[13.775s] INFO:colcon.colcon_notification.desktop_notification:Sending desktop notification using 'notify2'
[13.779s] DEBUG:colcon.colcon_notification.desktop_notification.notify2:Failed to initialize notify2: org.freedesktop.DBus.Error.ServiceUnknown: The name org.freedesktop.Notifications was not provided by any .service files
[13.779s] DEBUG:colcon.colcon_core.event_reactor:joined thread
[13.780s] INFO:colcon.colcon_core.shell:Creating prefix script '/home/seongmin/ros2_ws/install/local_setup.ps1'
[13.782s] INFO:colcon.colcon_core.shell:Creating prefix util module '/home/seongmin/ros2_ws/install/_local_setup_util_ps1.py'
[13.784s] INFO:colcon.colcon_core.shell:Creating prefix chain script '/home/seongmin/ros2_ws/install/setup.ps1'
[13.786s] INFO:colcon.colcon_core.shell:Creating prefix script '/home/seongmin/ros2_ws/install/local_setup.sh'
[13.787s] INFO:colcon.colcon_core.shell:Creating prefix util module '/home/seongmin/ros2_ws/install/_local_setup_util_sh.py'
[13.788s] INFO:colcon.colcon_core.shell:Creating prefix chain script '/home/seongmin/ros2_ws/install/setup.sh'
[13.790s] INFO:colcon.colcon_core.shell:Creating prefix script '/home/seongmin/ros2_ws/install/local_setup.bash'
[13.791s] INFO:colcon.colcon_core.shell:Creating prefix chain script '/home/seongmin/ros2_ws/install/setup.bash'
[13.794s] INFO:colcon.colcon_core.shell:Creating prefix script '/home/seongmin/ros2_ws/install/local_setup.zsh'
[13.795s] INFO:colcon.colcon_core.shell:Creating prefix chain script '/home/seongmin/ros2_ws/install/setup.zsh'
