[0.275s] DEBUG:colcon:Command line arguments: ['/usr/bin/colcon', 'build', '--symlink-install', '--packages-select', 'pub11']
[0.275s] DEBUG:colcon:Parsed command line arguments: Namespace(allow_overriding=[], ament_cmake_args=None, base_paths=['.'], build_base='build', catkin_cmake_args=None, catkin_skip_building_tests=False, cmake_args=None, cmake_clean_cache=False, cmake_clean_first=False, cmake_force_configure=False, cmake_target=None, cmake_target_skip_unavailable=False, continue_on_error=False, event_handlers=None, executor='parallel', ignore_user_meta=False, install_base='install', log_base=None, log_level=None, main=<bound method BuildVerb.main of <colcon_core.verb.build.BuildVerb object at 0x7f45035691c0>>, merge_install=False, metas=['./colcon.meta'], packages_above=None, packages_above_and_dependencies=None, packages_above_depth=None, packages_end=None, packages_ignore=None, packages_ignore_regex=None, packages_select=['pub11'], packages_select_build_failed=False, packages_select_by_dep=None, packages_select_regex=None, packages_select_test_failures=False, packages_skip=None, packages_skip_build_finished=False, packages_skip_by_dep=None, packages_skip_regex=None, packages_skip_test_passed=False, packages_skip_up_to=None, packages_start=None, packages_up_to=None, packages_up_to_regex=None, parallel_workers=8, paths=None, symlink_install=True, test_result_base=None, verb_extension=<colcon_core.verb.build.BuildVerb object at 0x7f45035691c0>, verb_name='build', verb_parser=<colcon_defaults.argument_parser.defaults.DefaultArgumentsDecorator object at 0x7f45034eca90>)
[0.435s] Level 1:colcon.colcon_core.package_discovery:discover_packages(colcon_meta) check parameters
[0.435s] Level 1:colcon.colcon_core.package_discovery:discover_packages(recursive) check parameters
[0.435s] Level 1:colcon.colcon_core.package_discovery:discover_packages(ignore) check parameters
[0.435s] Level 1:colcon.colcon_core.package_discovery:discover_packages(path) check parameters
[0.435s] Level 1:colcon.colcon_core.package_discovery:discover_packages(colcon_meta) discover
[0.435s] Level 1:colcon.colcon_core.package_discovery:discover_packages(recursive) discover
[0.435s] INFO:colcon.colcon_core.package_discovery:Crawling recursively for packages in '/home/seongmin/ros2_ws'
[0.436s] Level 1:colcon.colcon_core.package_identification:_identify(.) by extensions ['ignore', 'ignore_ament_install']
[0.436s] Level 1:colcon.colcon_core.package_identification:_identify(.) by extension 'ignore'
[0.436s] Level 1:colcon.colcon_core.package_identification:_identify(.) by extension 'ignore_ament_install'
[0.436s] Level 1:colcon.colcon_core.package_identification:_identify(.) by extensions ['colcon_pkg']
[0.436s] Level 1:colcon.colcon_core.package_identification:_identify(.) by extension 'colcon_pkg'
[0.436s] Level 1:colcon.colcon_core.package_identification:_identify(.) by extensions ['colcon_meta']
[0.436s] Level 1:colcon.colcon_core.package_identification:_identify(.) by extension 'colcon_meta'
[0.436s] Level 1:colcon.colcon_core.package_identification:_identify(.) by extensions ['ros']
[0.436s] Level 1:colcon.colcon_core.package_identification:_identify(.) by extension 'ros'
[0.450s] Level 1:colcon.colcon_core.package_identification:_identify(.) by extensions ['cmake', 'python']
[0.450s] Level 1:colcon.colcon_core.package_identification:_identify(.) by extension 'cmake'
[0.450s] Level 1:colcon.colcon_core.package_identification:_identify(.) by extension 'python'
[0.450s] Level 1:colcon.colcon_core.package_identification:_identify(.) by extensions ['python_setup_py']
[0.450s] Level 1:colcon.colcon_core.package_identification:_identify(.) by extension 'python_setup_py'
[0.450s] Level 1:colcon.colcon_core.package_identification:_identify(build) by extensions ['ignore', 'ignore_ament_install']
[0.450s] Level 1:colcon.colcon_core.package_identification:_identify(build) by extension 'ignore'
[0.450s] Level 1:colcon.colcon_core.package_identification:_identify(build) ignored
[0.450s] Level 1:colcon.colcon_core.package_identification:_identify(install) by extensions ['ignore', 'ignore_ament_install']
[0.450s] Level 1:colcon.colcon_core.package_identification:_identify(install) by extension 'ignore'
[0.451s] Level 1:colcon.colcon_core.package_identification:_identify(install) ignored
[0.451s] Level 1:colcon.colcon_core.package_identification:_identify(log) by extensions ['ignore', 'ignore_ament_install']
[0.451s] Level 1:colcon.colcon_core.package_identification:_identify(log) by extension 'ignore'
[0.451s] Level 1:colcon.colcon_core.package_identification:_identify(log) ignored
[0.451s] Level 1:colcon.colcon_core.package_identification:_identify(src) by extensions ['ignore', 'ignore_ament_install']
[0.451s] Level 1:colcon.colcon_core.package_identification:_identify(src) by extension 'ignore'
[0.451s] Level 1:colcon.colcon_core.package_identification:_identify(src) by extension 'ignore_ament_install'
[0.451s] Level 1:colcon.colcon_core.package_identification:_identify(src) by extensions ['colcon_pkg']
[0.451s] Level 1:colcon.colcon_core.package_identification:_identify(src) by extension 'colcon_pkg'
[0.451s] Level 1:colcon.colcon_core.package_identification:_identify(src) by extensions ['colcon_meta']
[0.451s] Level 1:colcon.colcon_core.package_identification:_identify(src) by extension 'colcon_meta'
[0.451s] Level 1:colcon.colcon_core.package_identification:_identify(src) by extensions ['ros']
[0.451s] Level 1:colcon.colcon_core.package_identification:_identify(src) by extension 'ros'
[0.451s] Level 1:colcon.colcon_core.package_identification:_identify(src) by extensions ['cmake', 'python']
[0.451s] Level 1:colcon.colcon_core.package_identification:_identify(src) by extension 'cmake'
[0.451s] Level 1:colcon.colcon_core.package_identification:_identify(src) by extension 'python'
[0.452s] Level 1:colcon.colcon_core.package_identification:_identify(src) by extensions ['python_setup_py']
[0.452s] Level 1:colcon.colcon_core.package_identification:_identify(src) by extension 'python_setup_py'
[0.452s] Level 1:colcon.colcon_core.package_identification:_identify(src/build) by extensions ['ignore', 'ignore_ament_install']
[0.452s] Level 1:colcon.colcon_core.package_identification:_identify(src/build) by extension 'ignore'
[0.452s] Level 1:colcon.colcon_core.package_identification:_identify(src/build) ignored
[0.452s] Level 1:colcon.colcon_core.package_identification:_identify(src/install) by extensions ['ignore', 'ignore_ament_install']
[0.452s] Level 1:colcon.colcon_core.package_identification:_identify(src/install) by extension 'ignore'
[0.452s] Level 1:colcon.colcon_core.package_identification:_identify(src/install) ignored
[0.452s] Level 1:colcon.colcon_core.package_identification:_identify(src/log) by extensions ['ignore', 'ignore_ament_install']
[0.452s] Level 1:colcon.colcon_core.package_identification:_identify(src/log) by extension 'ignore'
[0.452s] Level 1:colcon.colcon_core.package_identification:_identify(src/log) ignored
[0.453s] Level 1:colcon.colcon_core.package_identification:_identify(src/pub1-1) by extensions ['ignore', 'ignore_ament_install']
[0.453s] Level 1:colcon.colcon_core.package_identification:_identify(src/pub1-1) by extension 'ignore'
[0.453s] Level 1:colcon.colcon_core.package_identification:_identify(src/pub1-1) by extension 'ignore_ament_install'
[0.453s] Level 1:colcon.colcon_core.package_identification:_identify(src/pub1-1) by extensions ['colcon_pkg']
[0.453s] Level 1:colcon.colcon_core.package_identification:_identify(src/pub1-1) by extension 'colcon_pkg'
[0.453s] Level 1:colcon.colcon_core.package_identification:_identify(src/pub1-1) by extensions ['colcon_meta']
[0.453s] Level 1:colcon.colcon_core.package_identification:_identify(src/pub1-1) by extension 'colcon_meta'
[0.453s] Level 1:colcon.colcon_core.package_identification:_identify(src/pub1-1) by extensions ['ros']
[0.453s] Level 1:colcon.colcon_core.package_identification:_identify(src/pub1-1) by extension 'ros'
[0.458s] DEBUG:colcon.colcon_core.package_identification:Package 'src/pub1-1' with type 'ros.ament_cmake' and name 'pub1-1'
[0.458s] Level 1:colcon.colcon_core.package_identification:_identify(src/pub1-2) by extensions ['ignore', 'ignore_ament_install']
[0.458s] Level 1:colcon.colcon_core.package_identification:_identify(src/pub1-2) by extension 'ignore'
[0.459s] Level 1:colcon.colcon_core.package_identification:_identify(src/pub1-2) by extension 'ignore_ament_install'
[0.459s] Level 1:colcon.colcon_core.package_identification:_identify(src/pub1-2) by extensions ['colcon_pkg']
[0.459s] Level 1:colcon.colcon_core.package_identification:_identify(src/pub1-2) by extension 'colcon_pkg'
[0.459s] Level 1:colcon.colcon_core.package_identification:_identify(src/pub1-2) by extensions ['colcon_meta']
[0.459s] Level 1:colcon.colcon_core.package_identification:_identify(src/pub1-2) by extension 'colcon_meta'
[0.459s] Level 1:colcon.colcon_core.package_identification:_identify(src/pub1-2) by extensions ['ros']
[0.459s] Level 1:colcon.colcon_core.package_identification:_identify(src/pub1-2) by extension 'ros'
[0.459s] DEBUG:colcon.colcon_core.package_identification:Package 'src/pub1-2' with type 'ros.ament_cmake' and name 'pub1-2'
[0.460s] Level 1:colcon.colcon_core.package_identification:_identify(src/pub1-3) by extensions ['ignore', 'ignore_ament_install']
[0.460s] Level 1:colcon.colcon_core.package_identification:_identify(src/pub1-3) by extension 'ignore'
[0.460s] Level 1:colcon.colcon_core.package_identification:_identify(src/pub1-3) by extension 'ignore_ament_install'
[0.460s] Level 1:colcon.colcon_core.package_identification:_identify(src/pub1-3) by extensions ['colcon_pkg']
[0.460s] Level 1:colcon.colcon_core.package_identification:_identify(src/pub1-3) by extension 'colcon_pkg'
[0.460s] Level 1:colcon.colcon_core.package_identification:_identify(src/pub1-3) by extensions ['colcon_meta']
[0.460s] Level 1:colcon.colcon_core.package_identification:_identify(src/pub1-3) by extension 'colcon_meta'
[0.460s] Level 1:colcon.colcon_core.package_identification:_identify(src/pub1-3) by extensions ['ros']
[0.460s] Level 1:colcon.colcon_core.package_identification:_identify(src/pub1-3) by extension 'ros'
[0.461s] DEBUG:colcon.colcon_core.package_identification:Package 'src/pub1-3' with type 'ros.ament_cmake' and name 'pub1-3'
[0.461s] Level 1:colcon.colcon_core.package_discovery:discover_packages(recursive) using defaults
[0.461s] Level 1:colcon.colcon_core.package_discovery:discover_packages(ignore) discover
[0.461s] Level 1:colcon.colcon_core.package_discovery:discover_packages(ignore) using defaults
[0.461s] Level 1:colcon.colcon_core.package_discovery:discover_packages(path) discover
[0.461s] Level 1:colcon.colcon_core.package_discovery:discover_packages(path) using defaults
[0.462s] WARNING:colcon.colcon_core.package_selection:ignoring unknown package 'pub11' in --packages-select
[0.486s] INFO:colcon.colcon_core.package_selection:Skipping not selected package 'pub1-1' in 'src/pub1-1'
[0.486s] INFO:colcon.colcon_core.package_selection:Skipping not selected package 'pub1-2' in 'src/pub1-2'
[0.486s] INFO:colcon.colcon_core.package_selection:Skipping not selected package 'pub1-3' in 'src/pub1-3'
[0.487s] Level 1:colcon.colcon_core.package_discovery:discover_packages(prefix_path) check parameters
[0.487s] Level 1:colcon.colcon_core.package_discovery:discover_packages(prefix_path) discover
[0.488s] WARNING:colcon.colcon_core.prefix_path.colcon:The path '/home/seongmin/ros2_ws/src/pub1-1/src/install' in the environment variable COLCON_PREFIX_PATH doesn't exist
[0.489s] DEBUG:colcon.colcon_installed_package_information.package_discovery:Found 3 installed packages in /home/seongmin/ros2_ws/src/install
[0.489s] DEBUG:colcon.colcon_installed_package_information.package_discovery:Found 1 installed packages in /home/seongmin/ros2_ws/install
[0.490s] DEBUG:colcon.colcon_installed_package_information.package_discovery:Found 258 installed packages in /opt/ros/foxy
[0.506s] Level 1:colcon.colcon_core.package_discovery:discover_packages(prefix_path) using defaults
[0.582s] INFO:colcon.colcon_core.executor:Executing jobs using 'parallel' executor
[0.584s] DEBUG:colcon.colcon_parallel_executor.executor.parallel:run_until_complete
[0.584s] DEBUG:colcon.colcon_parallel_executor.executor.parallel:closing loop
[0.584s] DEBUG:colcon.colcon_parallel_executor.executor.parallel:loop closed
[0.584s] DEBUG:colcon.colcon_parallel_executor.executor.parallel:run_until_complete finished with '0'
[0.585s] DEBUG:colcon.colcon_core.event_reactor:joining thread
[0.605s] INFO:colcon.colcon_core.plugin_system:Skipping extension 'colcon_notification.desktop_notification.notify_send': Could not find 'notify-send'
[0.606s] INFO:colcon.colcon_core.plugin_system:Skipping extension 'colcon_notification.desktop_notification.terminal_notifier': Not used on non-Darwin systems
[0.606s] INFO:colcon.colcon_core.plugin_system:Skipping extension 'colcon_notification.desktop_notification.win32': Not used on non-Windows systems
[0.606s] INFO:colcon.colcon_notification.desktop_notification:Sending desktop notification using 'notify2'
[0.607s] DEBUG:colcon.colcon_notification.desktop_notification.notify2:Failed to initialize notify2: org.freedesktop.DBus.Error.ServiceUnknown: The name org.freedesktop.Notifications was not provided by any .service files
[0.607s] DEBUG:colcon.colcon_core.event_reactor:joined thread
[0.610s] INFO:colcon.colcon_core.plugin_system:Skipping extension 'colcon_core.shell.bat': Not used on non-Windows systems
[0.611s] INFO:colcon.colcon_core.shell:Creating prefix script '/home/seongmin/ros2_ws/install/local_setup.ps1'
[0.612s] INFO:colcon.colcon_core.shell:Creating prefix util module '/home/seongmin/ros2_ws/install/_local_setup_util_ps1.py'
[0.614s] INFO:colcon.colcon_core.shell:Creating prefix chain script '/home/seongmin/ros2_ws/install/setup.ps1'
[0.616s] INFO:colcon.colcon_core.shell:Creating prefix script '/home/seongmin/ros2_ws/install/local_setup.sh'
[0.617s] INFO:colcon.colcon_core.shell:Creating prefix util module '/home/seongmin/ros2_ws/install/_local_setup_util_sh.py'
[0.619s] INFO:colcon.colcon_core.shell:Creating prefix chain script '/home/seongmin/ros2_ws/install/setup.sh'
[0.621s] INFO:colcon.colcon_core.shell:Creating prefix script '/home/seongmin/ros2_ws/install/local_setup.bash'
[0.622s] INFO:colcon.colcon_core.shell:Creating prefix chain script '/home/seongmin/ros2_ws/install/setup.bash'
[0.623s] INFO:colcon.colcon_core.shell:Creating prefix script '/home/seongmin/ros2_ws/install/local_setup.zsh'
[0.624s] INFO:colcon.colcon_core.shell:Creating prefix chain script '/home/seongmin/ros2_ws/install/setup.zsh'
