[0.218s] DEBUG:colcon:Command line arguments: ['/usr/bin/colcon', 'build', '--symlink-install', '--packages-select', 'pub1-1']
[0.219s] DEBUG:colcon:Parsed command line arguments: Namespace(allow_overriding=[], ament_cmake_args=None, base_paths=['.'], build_base='build', catkin_cmake_args=None, catkin_skip_building_tests=False, cmake_args=None, cmake_clean_cache=False, cmake_clean_first=False, cmake_force_configure=False, cmake_target=None, cmake_target_skip_unavailable=False, continue_on_error=False, event_handlers=None, executor='parallel', ignore_user_meta=False, install_base='install', log_base=None, log_level=None, main=<bound method BuildVerb.main of <colcon_core.verb.build.BuildVerb object at 0x7f74d0c571c0>>, merge_install=False, metas=['./colcon.meta'], packages_above=None, packages_above_and_dependencies=None, packages_above_depth=None, packages_end=None, packages_ignore=None, packages_ignore_regex=None, packages_select=['pub1-1'], packages_select_build_failed=False, packages_select_by_dep=None, packages_select_regex=None, packages_select_test_failures=False, packages_skip=None, packages_skip_build_finished=False, packages_skip_by_dep=None, packages_skip_regex=None, packages_skip_test_passed=False, packages_skip_up_to=None, packages_start=None, packages_up_to=None, packages_up_to_regex=None, parallel_workers=8, paths=None, symlink_install=True, test_result_base=None, verb_extension=<colcon_core.verb.build.BuildVerb object at 0x7f74d0c571c0>, verb_name='build', verb_parser=<colcon_defaults.argument_parser.defaults.DefaultArgumentsDecorator object at 0x7f74d0bdba90>)
[0.377s] Level 1:colcon.colcon_core.package_discovery:discover_packages(colcon_meta) check parameters
[0.377s] Level 1:colcon.colcon_core.package_discovery:discover_packages(recursive) check parameters
[0.377s] Level 1:colcon.colcon_core.package_discovery:discover_packages(ignore) check parameters
[0.377s] Level 1:colcon.colcon_core.package_discovery:discover_packages(path) check parameters
[0.377s] Level 1:colcon.colcon_core.package_discovery:discover_packages(colcon_meta) discover
[0.377s] Level 1:colcon.colcon_core.package_discovery:discover_packages(recursive) discover
[0.377s] INFO:colcon.colcon_core.package_discovery:Crawling recursively for packages in '/home/seongmin/ros2_ws'
[0.378s] Level 1:colcon.colcon_core.package_identification:_identify(.) by extensions ['ignore', 'ignore_ament_install']
[0.378s] Level 1:colcon.colcon_core.package_identification:_identify(.) by extension 'ignore'
[0.378s] Level 1:colcon.colcon_core.package_identification:_identify(.) by extension 'ignore_ament_install'
[0.378s] Level 1:colcon.colcon_core.package_identification:_identify(.) by extensions ['colcon_pkg']
[0.378s] Level 1:colcon.colcon_core.package_identification:_identify(.) by extension 'colcon_pkg'
[0.378s] Level 1:colcon.colcon_core.package_identification:_identify(.) by extensions ['colcon_meta']
[0.378s] Level 1:colcon.colcon_core.package_identification:_identify(.) by extension 'colcon_meta'
[0.378s] Level 1:colcon.colcon_core.package_identification:_identify(.) by extensions ['ros']
[0.378s] Level 1:colcon.colcon_core.package_identification:_identify(.) by extension 'ros'
[0.390s] Level 1:colcon.colcon_core.package_identification:_identify(.) by extensions ['cmake', 'python']
[0.390s] Level 1:colcon.colcon_core.package_identification:_identify(.) by extension 'cmake'
[0.390s] Level 1:colcon.colcon_core.package_identification:_identify(.) by extension 'python'
[0.390s] Level 1:colcon.colcon_core.package_identification:_identify(.) by extensions ['python_setup_py']
[0.390s] Level 1:colcon.colcon_core.package_identification:_identify(.) by extension 'python_setup_py'
[0.390s] Level 1:colcon.colcon_core.package_identification:_identify(build) by extensions ['ignore', 'ignore_ament_install']
[0.390s] Level 1:colcon.colcon_core.package_identification:_identify(build) by extension 'ignore'
[0.390s] Level 1:colcon.colcon_core.package_identification:_identify(build) ignored
[0.391s] Level 1:colcon.colcon_core.package_identification:_identify(install) by extensions ['ignore', 'ignore_ament_install']
[0.391s] Level 1:colcon.colcon_core.package_identification:_identify(install) by extension 'ignore'
[0.391s] Level 1:colcon.colcon_core.package_identification:_identify(install) ignored
[0.391s] Level 1:colcon.colcon_core.package_identification:_identify(log) by extensions ['ignore', 'ignore_ament_install']
[0.391s] Level 1:colcon.colcon_core.package_identification:_identify(log) by extension 'ignore'
[0.391s] Level 1:colcon.colcon_core.package_identification:_identify(log) ignored
[0.391s] Level 1:colcon.colcon_core.package_identification:_identify(src) by extensions ['ignore', 'ignore_ament_install']
[0.392s] Level 1:colcon.colcon_core.package_identification:_identify(src) by extension 'ignore'
[0.392s] Level 1:colcon.colcon_core.package_identification:_identify(src) by extension 'ignore_ament_install'
[0.392s] Level 1:colcon.colcon_core.package_identification:_identify(src) by extensions ['colcon_pkg']
[0.392s] Level 1:colcon.colcon_core.package_identification:_identify(src) by extension 'colcon_pkg'
[0.392s] Level 1:colcon.colcon_core.package_identification:_identify(src) by extensions ['colcon_meta']
[0.392s] Level 1:colcon.colcon_core.package_identification:_identify(src) by extension 'colcon_meta'
[0.392s] Level 1:colcon.colcon_core.package_identification:_identify(src) by extensions ['ros']
[0.392s] Level 1:colcon.colcon_core.package_identification:_identify(src) by extension 'ros'
[0.392s] Level 1:colcon.colcon_core.package_identification:_identify(src) by extensions ['cmake', 'python']
[0.393s] Level 1:colcon.colcon_core.package_identification:_identify(src) by extension 'cmake'
[0.393s] Level 1:colcon.colcon_core.package_identification:_identify(src) by extension 'python'
[0.393s] Level 1:colcon.colcon_core.package_identification:_identify(src) by extensions ['python_setup_py']
[0.393s] Level 1:colcon.colcon_core.package_identification:_identify(src) by extension 'python_setup_py'
[0.393s] Level 1:colcon.colcon_core.package_identification:_identify(src/build) by extensions ['ignore', 'ignore_ament_install']
[0.393s] Level 1:colcon.colcon_core.package_identification:_identify(src/build) by extension 'ignore'
[0.393s] Level 1:colcon.colcon_core.package_identification:_identify(src/build) ignored
[0.393s] Level 1:colcon.colcon_core.package_identification:_identify(src/install) by extensions ['ignore', 'ignore_ament_install']
[0.393s] Level 1:colcon.colcon_core.package_identification:_identify(src/install) by extension 'ignore'
[0.394s] Level 1:colcon.colcon_core.package_identification:_identify(src/install) ignored
[0.394s] Level 1:colcon.colcon_core.package_identification:_identify(src/log) by extensions ['ignore', 'ignore_ament_install']
[0.394s] Level 1:colcon.colcon_core.package_identification:_identify(src/log) by extension 'ignore'
[0.394s] Level 1:colcon.colcon_core.package_identification:_identify(src/log) ignored
[0.394s] Level 1:colcon.colcon_core.package_identification:_identify(src/pub1-1) by extensions ['ignore', 'ignore_ament_install']
[0.394s] Level 1:colcon.colcon_core.package_identification:_identify(src/pub1-1) by extension 'ignore'
[0.394s] Level 1:colcon.colcon_core.package_identification:_identify(src/pub1-1) by extension 'ignore_ament_install'
[0.394s] Level 1:colcon.colcon_core.package_identification:_identify(src/pub1-1) by extensions ['colcon_pkg']
[0.395s] Level 1:colcon.colcon_core.package_identification:_identify(src/pub1-1) by extension 'colcon_pkg'
[0.395s] Level 1:colcon.colcon_core.package_identification:_identify(src/pub1-1) by extensions ['colcon_meta']
[0.395s] Level 1:colcon.colcon_core.package_identification:_identify(src/pub1-1) by extension 'colcon_meta'
[0.395s] Level 1:colcon.colcon_core.package_identification:_identify(src/pub1-1) by extensions ['ros']
[0.395s] Level 1:colcon.colcon_core.package_identification:_identify(src/pub1-1) by extension 'ros'
[0.398s] DEBUG:colcon.colcon_core.package_identification:Package 'src/pub1-1' with type 'ros.ament_cmake' and name 'pub1-1'
[0.398s] Level 1:colcon.colcon_core.package_identification:_identify(src/pub1-2) by extensions ['ignore', 'ignore_ament_install']
[0.398s] Level 1:colcon.colcon_core.package_identification:_identify(src/pub1-2) by extension 'ignore'
[0.398s] Level 1:colcon.colcon_core.package_identification:_identify(src/pub1-2) by extension 'ignore_ament_install'
[0.398s] Level 1:colcon.colcon_core.package_identification:_identify(src/pub1-2) by extensions ['colcon_pkg']
[0.398s] Level 1:colcon.colcon_core.package_identification:_identify(src/pub1-2) by extension 'colcon_pkg'
[0.398s] Level 1:colcon.colcon_core.package_identification:_identify(src/pub1-2) by extensions ['colcon_meta']
[0.398s] Level 1:colcon.colcon_core.package_identification:_identify(src/pub1-2) by extension 'colcon_meta'
[0.398s] Level 1:colcon.colcon_core.package_identification:_identify(src/pub1-2) by extensions ['ros']
[0.398s] Level 1:colcon.colcon_core.package_identification:_identify(src/pub1-2) by extension 'ros'
[0.399s] DEBUG:colcon.colcon_core.package_identification:Package 'src/pub1-2' with type 'ros.ament_cmake' and name 'pub1-2'
[0.399s] Level 1:colcon.colcon_core.package_identification:_identify(src/pub1-3) by extensions ['ignore', 'ignore_ament_install']
[0.399s] Level 1:colcon.colcon_core.package_identification:_identify(src/pub1-3) by extension 'ignore'
[0.400s] Level 1:colcon.colcon_core.package_identification:_identify(src/pub1-3) by extension 'ignore_ament_install'
[0.400s] Level 1:colcon.colcon_core.package_identification:_identify(src/pub1-3) by extensions ['colcon_pkg']
[0.400s] Level 1:colcon.colcon_core.package_identification:_identify(src/pub1-3) by extension 'colcon_pkg'
[0.400s] Level 1:colcon.colcon_core.package_identification:_identify(src/pub1-3) by extensions ['colcon_meta']
[0.400s] Level 1:colcon.colcon_core.package_identification:_identify(src/pub1-3) by extension 'colcon_meta'
[0.400s] Level 1:colcon.colcon_core.package_identification:_identify(src/pub1-3) by extensions ['ros']
[0.400s] Level 1:colcon.colcon_core.package_identification:_identify(src/pub1-3) by extension 'ros'
[0.401s] DEBUG:colcon.colcon_core.package_identification:Package 'src/pub1-3' with type 'ros.ament_cmake' and name 'pub1-3'
[0.401s] Level 1:colcon.colcon_core.package_discovery:discover_packages(recursive) using defaults
[0.401s] Level 1:colcon.colcon_core.package_discovery:discover_packages(ignore) discover
[0.401s] Level 1:colcon.colcon_core.package_discovery:discover_packages(ignore) using defaults
[0.401s] Level 1:colcon.colcon_core.package_discovery:discover_packages(path) discover
[0.401s] Level 1:colcon.colcon_core.package_discovery:discover_packages(path) using defaults
[0.418s] INFO:colcon.colcon_core.package_selection:Skipping not selected package 'pub1-2' in 'src/pub1-2'
[0.418s] INFO:colcon.colcon_core.package_selection:Skipping not selected package 'pub1-3' in 'src/pub1-3'
[0.418s] Level 1:colcon.colcon_core.package_discovery:discover_packages(prefix_path) check parameters
[0.419s] Level 1:colcon.colcon_core.package_discovery:discover_packages(prefix_path) discover
[0.420s] WARNING:colcon.colcon_core.prefix_path.colcon:The path '/home/seongmin/ros2_ws/src/pub1-1/src/install' in the environment variable COLCON_PREFIX_PATH doesn't exist
[0.421s] DEBUG:colcon.colcon_installed_package_information.package_discovery:Found 3 installed packages in /home/seongmin/ros2_ws/src/install
[0.421s] DEBUG:colcon.colcon_installed_package_information.package_discovery:Found 1 installed packages in /home/seongmin/ros2_ws/install
[0.423s] DEBUG:colcon.colcon_installed_package_information.package_discovery:Found 258 installed packages in /opt/ros/foxy
[0.444s] Level 1:colcon.colcon_core.package_discovery:discover_packages(prefix_path) using defaults
[0.497s] Level 5:colcon.colcon_core.verb:set package 'pub1-1' build argument 'cmake_args' from command line to 'None'
[0.497s] Level 5:colcon.colcon_core.verb:set package 'pub1-1' build argument 'cmake_target' from command line to 'None'
[0.497s] Level 5:colcon.colcon_core.verb:set package 'pub1-1' build argument 'cmake_target_skip_unavailable' from command line to 'False'
[0.497s] Level 5:colcon.colcon_core.verb:set package 'pub1-1' build argument 'cmake_clean_cache' from command line to 'False'
[0.497s] Level 5:colcon.colcon_core.verb:set package 'pub1-1' build argument 'cmake_clean_first' from command line to 'False'
[0.497s] Level 5:colcon.colcon_core.verb:set package 'pub1-1' build argument 'cmake_force_configure' from command line to 'False'
[0.497s] Level 5:colcon.colcon_core.verb:set package 'pub1-1' build argument 'ament_cmake_args' from command line to 'None'
[0.498s] Level 5:colcon.colcon_core.verb:set package 'pub1-1' build argument 'catkin_cmake_args' from command line to 'None'
[0.498s] Level 5:colcon.colcon_core.verb:set package 'pub1-1' build argument 'catkin_skip_building_tests' from command line to 'False'
[0.498s] DEBUG:colcon.colcon_core.verb:Building package 'pub1-1' with the following arguments: {'ament_cmake_args': None, 'build_base': '/home/seongmin/ros2_ws/build/pub1-1', 'catkin_cmake_args': None, 'catkin_skip_building_tests': False, 'cmake_args': None, 'cmake_clean_cache': False, 'cmake_clean_first': False, 'cmake_force_configure': False, 'cmake_target': None, 'cmake_target_skip_unavailable': False, 'install_base': '/home/seongmin/ros2_ws/install/pub1-1', 'merge_install': False, 'path': '/home/seongmin/ros2_ws/src/pub1-1', 'symlink_install': True, 'test_result_base': None}
[0.498s] INFO:colcon.colcon_core.executor:Executing jobs using 'parallel' executor
[0.499s] DEBUG:colcon.colcon_parallel_executor.executor.parallel:run_until_complete
[0.500s] INFO:colcon.colcon_ros.task.ament_cmake.build:Building ROS package in '/home/seongmin/ros2_ws/src/pub1-1' with build type 'ament_cmake'
[0.500s] INFO:colcon.colcon_cmake.task.cmake.build:Building CMake package in '/home/seongmin/ros2_ws/src/pub1-1'
[0.502s] INFO:colcon.colcon_core.plugin_system:Skipping extension 'colcon_core.shell.bat': Not used on non-Windows systems
[0.503s] INFO:colcon.colcon_core.shell:Skip shell extension 'powershell' for command environment: Not usable outside of PowerShell
[0.503s] DEBUG:colcon.colcon_core.shell:Skip shell extension 'dsv' for command environment
[0.520s] DEBUG:colcon.colcon_core.event_handler.log_command:Invoking command in '/home/seongmin/ros2_ws/build/pub1-1': CMAKE_PREFIX_PATH=${CMAKE_PREFIX_PATH}:/opt/ros/foxy /usr/bin/cmake /home/seongmin/ros2_ws/src/pub1-1 -DAMENT_CMAKE_SYMLINK_INSTALL=1 -DCMAKE_INSTALL_PREFIX=/home/seongmin/ros2_ws/install/pub1-1
[6.905s] DEBUG:colcon.colcon_core.event_handler.log_command:Invoked command in '/home/seongmin/ros2_ws/build/pub1-1' returned '0': CMAKE_PREFIX_PATH=${CMAKE_PREFIX_PATH}:/opt/ros/foxy /usr/bin/cmake /home/seongmin/ros2_ws/src/pub1-1 -DAMENT_CMAKE_SYMLINK_INSTALL=1 -DCMAKE_INSTALL_PREFIX=/home/seongmin/ros2_ws/install/pub1-1
[6.909s] DEBUG:colcon.colcon_core.event_handler.log_command:Invoking command in '/home/seongmin/ros2_ws/build/pub1-1': CMAKE_PREFIX_PATH=${CMAKE_PREFIX_PATH}:/opt/ros/foxy /usr/bin/cmake --build /home/seongmin/ros2_ws/build/pub1-1 -- -j8 -l8
[10.655s] DEBUG:colcon.colcon_core.event_handler.log_command:Invoked command in '/home/seongmin/ros2_ws/build/pub1-1' returned '0': CMAKE_PREFIX_PATH=${CMAKE_PREFIX_PATH}:/opt/ros/foxy /usr/bin/cmake --build /home/seongmin/ros2_ws/build/pub1-1 -- -j8 -l8
[10.669s] DEBUG:colcon.colcon_core.event_handler.log_command:Invoking command in '/home/seongmin/ros2_ws/build/pub1-1': CMAKE_PREFIX_PATH=${CMAKE_PREFIX_PATH}:/opt/ros/foxy /usr/bin/cmake --install /home/seongmin/ros2_ws/build/pub1-1
[10.832s] Level 1:colcon.colcon_core.environment:create_environment_scripts_only(pub1-1)
[10.833s] DEBUG:colcon.colcon_core.event_handler.log_command:Invoked command in '/home/seongmin/ros2_ws/build/pub1-1' returned '0': CMAKE_PREFIX_PATH=${CMAKE_PREFIX_PATH}:/opt/ros/foxy /usr/bin/cmake --install /home/seongmin/ros2_ws/build/pub1-1
[10.837s] Level 1:colcon.colcon_core.environment:checking '/home/seongmin/ros2_ws/install/pub1-1' for CMake module files
[10.838s] Level 1:colcon.colcon_core.environment:checking '/home/seongmin/ros2_ws/install/pub1-1' for CMake config files
[10.838s] Level 1:colcon.colcon_core.shell:create_environment_hook('pub1-1', 'cmake_prefix_path')
[10.839s] INFO:colcon.colcon_core.shell:Creating environment hook '/home/seongmin/ros2_ws/install/pub1-1/share/pub1-1/hook/cmake_prefix_path.ps1'
[10.840s] INFO:colcon.colcon_core.shell:Creating environment descriptor '/home/seongmin/ros2_ws/install/pub1-1/share/pub1-1/hook/cmake_prefix_path.dsv'
[10.840s] INFO:colcon.colcon_core.shell:Creating environment hook '/home/seongmin/ros2_ws/install/pub1-1/share/pub1-1/hook/cmake_prefix_path.sh'
[10.841s] Level 1:colcon.colcon_core.environment:checking '/home/seongmin/ros2_ws/install/pub1-1/lib'
[10.841s] Level 1:colcon.colcon_core.environment:checking '/home/seongmin/ros2_ws/install/pub1-1/bin'
[10.842s] Level 1:colcon.colcon_core.environment:checking '/home/seongmin/ros2_ws/install/pub1-1/lib/pkgconfig/pub1-1.pc'
[10.842s] Level 1:colcon.colcon_core.environment:checking '/home/seongmin/ros2_ws/install/pub1-1/lib/python3.8/site-packages'
[10.842s] Level 1:colcon.colcon_core.environment:checking '/home/seongmin/ros2_ws/install/pub1-1/bin'
[10.843s] INFO:colcon.colcon_core.shell:Creating package script '/home/seongmin/ros2_ws/install/pub1-1/share/pub1-1/package.ps1'
[10.844s] INFO:colcon.colcon_core.shell:Creating package descriptor '/home/seongmin/ros2_ws/install/pub1-1/share/pub1-1/package.dsv'
[10.844s] INFO:colcon.colcon_core.shell:Creating package script '/home/seongmin/ros2_ws/install/pub1-1/share/pub1-1/package.sh'
[10.845s] INFO:colcon.colcon_core.shell:Creating package script '/home/seongmin/ros2_ws/install/pub1-1/share/pub1-1/package.bash'
[10.846s] INFO:colcon.colcon_core.shell:Creating package script '/home/seongmin/ros2_ws/install/pub1-1/share/pub1-1/package.zsh'
[10.847s] Level 1:colcon.colcon_core.environment:create_file_with_runtime_dependencies(/home/seongmin/ros2_ws/install/pub1-1/share/colcon-core/packages/pub1-1)
[10.848s] Level 1:colcon.colcon_core.environment:create_environment_scripts_only(pub1-1)
[10.848s] Level 1:colcon.colcon_core.environment:checking '/home/seongmin/ros2_ws/install/pub1-1' for CMake module files
[10.849s] Level 1:colcon.colcon_core.environment:checking '/home/seongmin/ros2_ws/install/pub1-1' for CMake config files
[10.849s] Level 1:colcon.colcon_core.shell:create_environment_hook('pub1-1', 'cmake_prefix_path')
[10.849s] INFO:colcon.colcon_core.shell:Creating environment hook '/home/seongmin/ros2_ws/install/pub1-1/share/pub1-1/hook/cmake_prefix_path.ps1'
[10.850s] INFO:colcon.colcon_core.shell:Creating environment descriptor '/home/seongmin/ros2_ws/install/pub1-1/share/pub1-1/hook/cmake_prefix_path.dsv'
[10.856s] INFO:colcon.colcon_core.shell:Creating environment hook '/home/seongmin/ros2_ws/install/pub1-1/share/pub1-1/hook/cmake_prefix_path.sh'
[10.857s] Level 1:colcon.colcon_core.environment:checking '/home/seongmin/ros2_ws/install/pub1-1/lib'
[10.857s] Level 1:colcon.colcon_core.environment:checking '/home/seongmin/ros2_ws/install/pub1-1/bin'
[10.857s] Level 1:colcon.colcon_core.environment:checking '/home/seongmin/ros2_ws/install/pub1-1/lib/pkgconfig/pub1-1.pc'
[10.857s] Level 1:colcon.colcon_core.environment:checking '/home/seongmin/ros2_ws/install/pub1-1/lib/python3.8/site-packages'
[10.857s] Level 1:colcon.colcon_core.environment:checking '/home/seongmin/ros2_ws/install/pub1-1/bin'
[10.858s] INFO:colcon.colcon_core.shell:Creating package script '/home/seongmin/ros2_ws/install/pub1-1/share/pub1-1/package.ps1'
[10.858s] INFO:colcon.colcon_core.shell:Creating package descriptor '/home/seongmin/ros2_ws/install/pub1-1/share/pub1-1/package.dsv'
[10.859s] INFO:colcon.colcon_core.shell:Creating package script '/home/seongmin/ros2_ws/install/pub1-1/share/pub1-1/package.sh'
[10.859s] INFO:colcon.colcon_core.shell:Creating package script '/home/seongmin/ros2_ws/install/pub1-1/share/pub1-1/package.bash'
[10.860s] INFO:colcon.colcon_core.shell:Creating package script '/home/seongmin/ros2_ws/install/pub1-1/share/pub1-1/package.zsh'
[10.860s] Level 1:colcon.colcon_core.environment:create_file_with_runtime_dependencies(/home/seongmin/ros2_ws/install/pub1-1/share/colcon-core/packages/pub1-1)
[10.861s] DEBUG:colcon.colcon_parallel_executor.executor.parallel:closing loop
[10.861s] DEBUG:colcon.colcon_parallel_executor.executor.parallel:loop closed
[10.862s] DEBUG:colcon.colcon_parallel_executor.executor.parallel:run_until_complete finished with '0'
[10.862s] DEBUG:colcon.colcon_core.event_reactor:joining thread
[10.887s] INFO:colcon.colcon_core.plugin_system:Skipping extension 'colcon_notification.desktop_notification.notify_send': Could not find 'notify-send'
[10.887s] INFO:colcon.colcon_core.plugin_system:Skipping extension 'colcon_notification.desktop_notification.terminal_notifier': Not used on non-Darwin systems
[10.888s] INFO:colcon.colcon_core.plugin_system:Skipping extension 'colcon_notification.desktop_notification.win32': Not used on non-Windows systems
[10.888s] INFO:colcon.colcon_notification.desktop_notification:Sending desktop notification using 'notify2'
[10.889s] DEBUG:colcon.colcon_notification.desktop_notification.notify2:Failed to initialize notify2: org.freedesktop.DBus.Error.ServiceUnknown: The name org.freedesktop.Notifications was not provided by any .service files
[10.889s] DEBUG:colcon.colcon_core.event_reactor:joined thread
[10.890s] INFO:colcon.colcon_core.shell:Creating prefix script '/home/seongmin/ros2_ws/install/local_setup.ps1'
[10.891s] INFO:colcon.colcon_core.shell:Creating prefix util module '/home/seongmin/ros2_ws/install/_local_setup_util_ps1.py'
[10.893s] INFO:colcon.colcon_core.shell:Creating prefix chain script '/home/seongmin/ros2_ws/install/setup.ps1'
[10.894s] INFO:colcon.colcon_core.shell:Creating prefix script '/home/seongmin/ros2_ws/install/local_setup.sh'
[10.896s] INFO:colcon.colcon_core.shell:Creating prefix util module '/home/seongmin/ros2_ws/install/_local_setup_util_sh.py'
[10.897s] INFO:colcon.colcon_core.shell:Creating prefix chain script '/home/seongmin/ros2_ws/install/setup.sh'
[10.898s] INFO:colcon.colcon_core.shell:Creating prefix script '/home/seongmin/ros2_ws/install/local_setup.bash'
[10.899s] INFO:colcon.colcon_core.shell:Creating prefix chain script '/home/seongmin/ros2_ws/install/setup.bash'
[10.901s] INFO:colcon.colcon_core.shell:Creating prefix script '/home/seongmin/ros2_ws/install/local_setup.zsh'
[10.902s] INFO:colcon.colcon_core.shell:Creating prefix chain script '/home/seongmin/ros2_ws/install/setup.zsh'
