[0.234s] DEBUG:colcon:Command line arguments: ['/usr/bin/colcon', 'build', '--symlink-install', '--packages-select', 'pub1-2']
[0.234s] DEBUG:colcon:Parsed command line arguments: Namespace(allow_overriding=[], ament_cmake_args=None, base_paths=['.'], build_base='build', catkin_cmake_args=None, catkin_skip_building_tests=False, cmake_args=None, cmake_clean_cache=False, cmake_clean_first=False, cmake_force_configure=False, cmake_target=None, cmake_target_skip_unavailable=False, continue_on_error=False, event_handlers=None, executor='parallel', ignore_user_meta=False, install_base='install', log_base=None, log_level=None, main=<bound method BuildVerb.main of <colcon_core.verb.build.BuildVerb object at 0x7f8edcc061c0>>, merge_install=False, metas=['./colcon.meta'], packages_above=None, packages_above_and_dependencies=None, packages_above_depth=None, packages_end=None, packages_ignore=None, packages_ignore_regex=None, packages_select=['pub1-2'], packages_select_build_failed=False, packages_select_by_dep=None, packages_select_regex=None, packages_select_test_failures=False, packages_skip=None, packages_skip_build_finished=False, packages_skip_by_dep=None, packages_skip_regex=None, packages_skip_test_passed=False, packages_skip_up_to=None, packages_start=None, packages_up_to=None, packages_up_to_regex=None, parallel_workers=8, paths=None, symlink_install=True, test_result_base=None, verb_extension=<colcon_core.verb.build.BuildVerb object at 0x7f8edcc061c0>, verb_name='build', verb_parser=<colcon_defaults.argument_parser.defaults.DefaultArgumentsDecorator object at 0x7f8edcb8aa90>)
[0.391s] Level 1:colcon.colcon_core.package_discovery:discover_packages(colcon_meta) check parameters
[0.391s] Level 1:colcon.colcon_core.package_discovery:discover_packages(recursive) check parameters
[0.391s] Level 1:colcon.colcon_core.package_discovery:discover_packages(ignore) check parameters
[0.391s] Level 1:colcon.colcon_core.package_discovery:discover_packages(path) check parameters
[0.391s] Level 1:colcon.colcon_core.package_discovery:discover_packages(colcon_meta) discover
[0.391s] Level 1:colcon.colcon_core.package_discovery:discover_packages(recursive) discover
[0.391s] INFO:colcon.colcon_core.package_discovery:Crawling recursively for packages in '/home/seongmin/ros2_ws/src'
[0.391s] Level 1:colcon.colcon_core.package_identification:_identify(.) by extensions ['ignore', 'ignore_ament_install']
[0.391s] Level 1:colcon.colcon_core.package_identification:_identify(.) by extension 'ignore'
[0.391s] Level 1:colcon.colcon_core.package_identification:_identify(.) by extension 'ignore_ament_install'
[0.391s] Level 1:colcon.colcon_core.package_identification:_identify(.) by extensions ['colcon_pkg']
[0.391s] Level 1:colcon.colcon_core.package_identification:_identify(.) by extension 'colcon_pkg'
[0.392s] Level 1:colcon.colcon_core.package_identification:_identify(.) by extensions ['colcon_meta']
[0.392s] Level 1:colcon.colcon_core.package_identification:_identify(.) by extension 'colcon_meta'
[0.392s] Level 1:colcon.colcon_core.package_identification:_identify(.) by extensions ['ros']
[0.392s] Level 1:colcon.colcon_core.package_identification:_identify(.) by extension 'ros'
[0.403s] Level 1:colcon.colcon_core.package_identification:_identify(.) by extensions ['cmake', 'python']
[0.403s] Level 1:colcon.colcon_core.package_identification:_identify(.) by extension 'cmake'
[0.403s] Level 1:colcon.colcon_core.package_identification:_identify(.) by extension 'python'
[0.403s] Level 1:colcon.colcon_core.package_identification:_identify(.) by extensions ['python_setup_py']
[0.403s] Level 1:colcon.colcon_core.package_identification:_identify(.) by extension 'python_setup_py'
[0.403s] Level 1:colcon.colcon_core.package_identification:_identify(build) by extensions ['ignore', 'ignore_ament_install']
[0.403s] Level 1:colcon.colcon_core.package_identification:_identify(build) by extension 'ignore'
[0.403s] Level 1:colcon.colcon_core.package_identification:_identify(build) ignored
[0.404s] Level 1:colcon.colcon_core.package_identification:_identify(install) by extensions ['ignore', 'ignore_ament_install']
[0.404s] Level 1:colcon.colcon_core.package_identification:_identify(install) by extension 'ignore'
[0.404s] Level 1:colcon.colcon_core.package_identification:_identify(install) ignored
[0.404s] Level 1:colcon.colcon_core.package_identification:_identify(log) by extensions ['ignore', 'ignore_ament_install']
[0.404s] Level 1:colcon.colcon_core.package_identification:_identify(log) by extension 'ignore'
[0.404s] Level 1:colcon.colcon_core.package_identification:_identify(log) ignored
[0.404s] Level 1:colcon.colcon_core.package_identification:_identify(pub1) by extensions ['ignore', 'ignore_ament_install']
[0.404s] Level 1:colcon.colcon_core.package_identification:_identify(pub1) by extension 'ignore'
[0.404s] Level 1:colcon.colcon_core.package_identification:_identify(pub1) by extension 'ignore_ament_install'
[0.404s] Level 1:colcon.colcon_core.package_identification:_identify(pub1) by extensions ['colcon_pkg']
[0.404s] Level 1:colcon.colcon_core.package_identification:_identify(pub1) by extension 'colcon_pkg'
[0.404s] Level 1:colcon.colcon_core.package_identification:_identify(pub1) by extensions ['colcon_meta']
[0.404s] Level 1:colcon.colcon_core.package_identification:_identify(pub1) by extension 'colcon_meta'
[0.405s] Level 1:colcon.colcon_core.package_identification:_identify(pub1) by extensions ['ros']
[0.405s] Level 1:colcon.colcon_core.package_identification:_identify(pub1) by extension 'ros'
[0.407s] DEBUG:colcon.colcon_core.package_identification:Package 'pub1' with type 'ros.ament_cmake' and name 'pub1'
[0.407s] Level 1:colcon.colcon_core.package_identification:_identify(pub1-2) by extensions ['ignore', 'ignore_ament_install']
[0.408s] Level 1:colcon.colcon_core.package_identification:_identify(pub1-2) by extension 'ignore'
[0.408s] Level 1:colcon.colcon_core.package_identification:_identify(pub1-2) by extension 'ignore_ament_install'
[0.408s] Level 1:colcon.colcon_core.package_identification:_identify(pub1-2) by extensions ['colcon_pkg']
[0.408s] Level 1:colcon.colcon_core.package_identification:_identify(pub1-2) by extension 'colcon_pkg'
[0.408s] Level 1:colcon.colcon_core.package_identification:_identify(pub1-2) by extensions ['colcon_meta']
[0.408s] Level 1:colcon.colcon_core.package_identification:_identify(pub1-2) by extension 'colcon_meta'
[0.408s] Level 1:colcon.colcon_core.package_identification:_identify(pub1-2) by extensions ['ros']
[0.408s] Level 1:colcon.colcon_core.package_identification:_identify(pub1-2) by extension 'ros'
[0.408s] DEBUG:colcon.colcon_core.package_identification:Package 'pub1-2' with type 'ros.ament_cmake' and name 'pub1-2'
[0.409s] Level 1:colcon.colcon_core.package_discovery:discover_packages(recursive) using defaults
[0.409s] Level 1:colcon.colcon_core.package_discovery:discover_packages(ignore) discover
[0.409s] Level 1:colcon.colcon_core.package_discovery:discover_packages(ignore) using defaults
[0.409s] Level 1:colcon.colcon_core.package_discovery:discover_packages(path) discover
[0.409s] Level 1:colcon.colcon_core.package_discovery:discover_packages(path) using defaults
[0.424s] INFO:colcon.colcon_core.package_selection:Skipping not selected package 'pub1' in 'pub1'
[0.425s] Level 1:colcon.colcon_core.package_discovery:discover_packages(prefix_path) check parameters
[0.425s] Level 1:colcon.colcon_core.package_discovery:discover_packages(prefix_path) discover
[0.427s] DEBUG:colcon.colcon_installed_package_information.package_discovery:Found 1 installed packages in /home/seongmin/ros2_ws/src/install
[0.428s] DEBUG:colcon.colcon_installed_package_information.package_discovery:Found 0 installed packages in /home/seongmin/ros2_ws/install
[0.429s] DEBUG:colcon.colcon_installed_package_information.package_discovery:Found 258 installed packages in /opt/ros/foxy
[0.440s] Level 1:colcon.colcon_core.package_discovery:discover_packages(prefix_path) using defaults
[0.501s] Level 5:colcon.colcon_core.verb:set package 'pub1-2' build argument 'cmake_args' from command line to 'None'
[0.501s] Level 5:colcon.colcon_core.verb:set package 'pub1-2' build argument 'cmake_target' from command line to 'None'
[0.501s] Level 5:colcon.colcon_core.verb:set package 'pub1-2' build argument 'cmake_target_skip_unavailable' from command line to 'False'
[0.501s] Level 5:colcon.colcon_core.verb:set package 'pub1-2' build argument 'cmake_clean_cache' from command line to 'False'
[0.501s] Level 5:colcon.colcon_core.verb:set package 'pub1-2' build argument 'cmake_clean_first' from command line to 'False'
[0.501s] Level 5:colcon.colcon_core.verb:set package 'pub1-2' build argument 'cmake_force_configure' from command line to 'False'
[0.501s] Level 5:colcon.colcon_core.verb:set package 'pub1-2' build argument 'ament_cmake_args' from command line to 'None'
[0.501s] Level 5:colcon.colcon_core.verb:set package 'pub1-2' build argument 'catkin_cmake_args' from command line to 'None'
[0.501s] Level 5:colcon.colcon_core.verb:set package 'pub1-2' build argument 'catkin_skip_building_tests' from command line to 'False'
[0.501s] DEBUG:colcon.colcon_core.verb:Building package 'pub1-2' with the following arguments: {'ament_cmake_args': None, 'build_base': '/home/seongmin/ros2_ws/src/build/pub1-2', 'catkin_cmake_args': None, 'catkin_skip_building_tests': False, 'cmake_args': None, 'cmake_clean_cache': False, 'cmake_clean_first': False, 'cmake_force_configure': False, 'cmake_target': None, 'cmake_target_skip_unavailable': False, 'install_base': '/home/seongmin/ros2_ws/src/install/pub1-2', 'merge_install': False, 'path': '/home/seongmin/ros2_ws/src/pub1-2', 'symlink_install': True, 'test_result_base': None}
[0.501s] INFO:colcon.colcon_core.executor:Executing jobs using 'parallel' executor
[0.503s] DEBUG:colcon.colcon_parallel_executor.executor.parallel:run_until_complete
[0.504s] INFO:colcon.colcon_ros.task.ament_cmake.build:Building ROS package in '/home/seongmin/ros2_ws/src/pub1-2' with build type 'ament_cmake'
[0.504s] INFO:colcon.colcon_cmake.task.cmake.build:Building CMake package in '/home/seongmin/ros2_ws/src/pub1-2'
[0.506s] INFO:colcon.colcon_core.plugin_system:Skipping extension 'colcon_core.shell.bat': Not used on non-Windows systems
[0.507s] INFO:colcon.colcon_core.shell:Skip shell extension 'powershell' for command environment: Not usable outside of PowerShell
[0.507s] DEBUG:colcon.colcon_core.shell:Skip shell extension 'dsv' for command environment
[0.522s] DEBUG:colcon.colcon_core.event_handler.log_command:Invoking command in '/home/seongmin/ros2_ws/src/build/pub1-2': CMAKE_PREFIX_PATH=${CMAKE_PREFIX_PATH}:/opt/ros/foxy /usr/bin/cmake /home/seongmin/ros2_ws/src/pub1-2 -DAMENT_CMAKE_SYMLINK_INSTALL=1 -DCMAKE_INSTALL_PREFIX=/home/seongmin/ros2_ws/src/install/pub1-2
[5.668s] DEBUG:colcon.colcon_core.event_handler.log_command:Invoked command in '/home/seongmin/ros2_ws/src/build/pub1-2' returned '0': CMAKE_PREFIX_PATH=${CMAKE_PREFIX_PATH}:/opt/ros/foxy /usr/bin/cmake /home/seongmin/ros2_ws/src/pub1-2 -DAMENT_CMAKE_SYMLINK_INSTALL=1 -DCMAKE_INSTALL_PREFIX=/home/seongmin/ros2_ws/src/install/pub1-2
[5.670s] DEBUG:colcon.colcon_core.event_handler.log_command:Invoking command in '/home/seongmin/ros2_ws/src/build/pub1-2': CMAKE_PREFIX_PATH=${CMAKE_PREFIX_PATH}:/opt/ros/foxy /usr/bin/cmake --build /home/seongmin/ros2_ws/src/build/pub1-2 -- -j8 -l8
[9.475s] DEBUG:colcon.colcon_core.event_handler.log_command:Invoked command in '/home/seongmin/ros2_ws/src/build/pub1-2' returned '0': CMAKE_PREFIX_PATH=${CMAKE_PREFIX_PATH}:/opt/ros/foxy /usr/bin/cmake --build /home/seongmin/ros2_ws/src/build/pub1-2 -- -j8 -l8
[9.492s] DEBUG:colcon.colcon_core.event_handler.log_command:Invoking command in '/home/seongmin/ros2_ws/src/build/pub1-2': CMAKE_PREFIX_PATH=${CMAKE_PREFIX_PATH}:/opt/ros/foxy /usr/bin/cmake --install /home/seongmin/ros2_ws/src/build/pub1-2
[9.663s] Level 1:colcon.colcon_core.environment:create_environment_scripts_only(pub1-2)
[9.664s] DEBUG:colcon.colcon_core.event_handler.log_command:Invoked command in '/home/seongmin/ros2_ws/src/build/pub1-2' returned '0': CMAKE_PREFIX_PATH=${CMAKE_PREFIX_PATH}:/opt/ros/foxy /usr/bin/cmake --install /home/seongmin/ros2_ws/src/build/pub1-2
[9.667s] Level 1:colcon.colcon_core.environment:checking '/home/seongmin/ros2_ws/src/install/pub1-2' for CMake module files
[9.668s] Level 1:colcon.colcon_core.environment:checking '/home/seongmin/ros2_ws/src/install/pub1-2' for CMake config files
[9.668s] Level 1:colcon.colcon_core.shell:create_environment_hook('pub1-2', 'cmake_prefix_path')
[9.669s] INFO:colcon.colcon_core.shell:Creating environment hook '/home/seongmin/ros2_ws/src/install/pub1-2/share/pub1-2/hook/cmake_prefix_path.ps1'
[9.670s] INFO:colcon.colcon_core.shell:Creating environment descriptor '/home/seongmin/ros2_ws/src/install/pub1-2/share/pub1-2/hook/cmake_prefix_path.dsv'
[9.670s] INFO:colcon.colcon_core.shell:Creating environment hook '/home/seongmin/ros2_ws/src/install/pub1-2/share/pub1-2/hook/cmake_prefix_path.sh'
[9.671s] Level 1:colcon.colcon_core.environment:checking '/home/seongmin/ros2_ws/src/install/pub1-2/lib'
[9.672s] Level 1:colcon.colcon_core.environment:checking '/home/seongmin/ros2_ws/src/install/pub1-2/bin'
[9.672s] Level 1:colcon.colcon_core.environment:checking '/home/seongmin/ros2_ws/src/install/pub1-2/lib/pkgconfig/pub1-2.pc'
[9.673s] Level 1:colcon.colcon_core.environment:checking '/home/seongmin/ros2_ws/src/install/pub1-2/lib/python3.8/site-packages'
[9.673s] Level 1:colcon.colcon_core.environment:checking '/home/seongmin/ros2_ws/src/install/pub1-2/bin'
[9.674s] INFO:colcon.colcon_core.shell:Creating package script '/home/seongmin/ros2_ws/src/install/pub1-2/share/pub1-2/package.ps1'
[9.675s] INFO:colcon.colcon_core.shell:Creating package descriptor '/home/seongmin/ros2_ws/src/install/pub1-2/share/pub1-2/package.dsv'
[9.676s] INFO:colcon.colcon_core.shell:Creating package script '/home/seongmin/ros2_ws/src/install/pub1-2/share/pub1-2/package.sh'
[9.676s] INFO:colcon.colcon_core.shell:Creating package script '/home/seongmin/ros2_ws/src/install/pub1-2/share/pub1-2/package.bash'
[9.677s] INFO:colcon.colcon_core.shell:Creating package script '/home/seongmin/ros2_ws/src/install/pub1-2/share/pub1-2/package.zsh'
[9.678s] Level 1:colcon.colcon_core.environment:create_file_with_runtime_dependencies(/home/seongmin/ros2_ws/src/install/pub1-2/share/colcon-core/packages/pub1-2)
[9.679s] Level 1:colcon.colcon_core.environment:create_environment_scripts_only(pub1-2)
[9.679s] Level 1:colcon.colcon_core.environment:checking '/home/seongmin/ros2_ws/src/install/pub1-2' for CMake module files
[9.679s] Level 1:colcon.colcon_core.environment:checking '/home/seongmin/ros2_ws/src/install/pub1-2' for CMake config files
[9.680s] Level 1:colcon.colcon_core.shell:create_environment_hook('pub1-2', 'cmake_prefix_path')
[9.680s] INFO:colcon.colcon_core.shell:Creating environment hook '/home/seongmin/ros2_ws/src/install/pub1-2/share/pub1-2/hook/cmake_prefix_path.ps1'
[9.680s] INFO:colcon.colcon_core.shell:Creating environment descriptor '/home/seongmin/ros2_ws/src/install/pub1-2/share/pub1-2/hook/cmake_prefix_path.dsv'
[9.686s] INFO:colcon.colcon_core.shell:Creating environment hook '/home/seongmin/ros2_ws/src/install/pub1-2/share/pub1-2/hook/cmake_prefix_path.sh'
[9.687s] Level 1:colcon.colcon_core.environment:checking '/home/seongmin/ros2_ws/src/install/pub1-2/lib'
[9.687s] Level 1:colcon.colcon_core.environment:checking '/home/seongmin/ros2_ws/src/install/pub1-2/bin'
[9.687s] Level 1:colcon.colcon_core.environment:checking '/home/seongmin/ros2_ws/src/install/pub1-2/lib/pkgconfig/pub1-2.pc'
[9.687s] Level 1:colcon.colcon_core.environment:checking '/home/seongmin/ros2_ws/src/install/pub1-2/lib/python3.8/site-packages'
[9.687s] Level 1:colcon.colcon_core.environment:checking '/home/seongmin/ros2_ws/src/install/pub1-2/bin'
[9.688s] INFO:colcon.colcon_core.shell:Creating package script '/home/seongmin/ros2_ws/src/install/pub1-2/share/pub1-2/package.ps1'
[9.689s] INFO:colcon.colcon_core.shell:Creating package descriptor '/home/seongmin/ros2_ws/src/install/pub1-2/share/pub1-2/package.dsv'
[9.689s] INFO:colcon.colcon_core.shell:Creating package script '/home/seongmin/ros2_ws/src/install/pub1-2/share/pub1-2/package.sh'
[9.690s] INFO:colcon.colcon_core.shell:Creating package script '/home/seongmin/ros2_ws/src/install/pub1-2/share/pub1-2/package.bash'
[9.690s] INFO:colcon.colcon_core.shell:Creating package script '/home/seongmin/ros2_ws/src/install/pub1-2/share/pub1-2/package.zsh'
[9.691s] Level 1:colcon.colcon_core.environment:create_file_with_runtime_dependencies(/home/seongmin/ros2_ws/src/install/pub1-2/share/colcon-core/packages/pub1-2)
[9.691s] DEBUG:colcon.colcon_parallel_executor.executor.parallel:closing loop
[9.692s] DEBUG:colcon.colcon_parallel_executor.executor.parallel:loop closed
[9.692s] DEBUG:colcon.colcon_parallel_executor.executor.parallel:run_until_complete finished with '0'
[9.692s] DEBUG:colcon.colcon_core.event_reactor:joining thread
[9.714s] INFO:colcon.colcon_core.plugin_system:Skipping extension 'colcon_notification.desktop_notification.notify_send': Could not find 'notify-send'
[9.714s] INFO:colcon.colcon_core.plugin_system:Skipping extension 'colcon_notification.desktop_notification.terminal_notifier': Not used on non-Darwin systems
[9.715s] INFO:colcon.colcon_core.plugin_system:Skipping extension 'colcon_notification.desktop_notification.win32': Not used on non-Windows systems
[9.715s] INFO:colcon.colcon_notification.desktop_notification:Sending desktop notification using 'notify2'
[9.717s] DEBUG:colcon.colcon_notification.desktop_notification.notify2:Failed to initialize notify2: org.freedesktop.DBus.Error.ServiceUnknown: The name org.freedesktop.Notifications was not provided by any .service files
[9.717s] DEBUG:colcon.colcon_core.event_reactor:joined thread
[9.718s] INFO:colcon.colcon_core.shell:Creating prefix script '/home/seongmin/ros2_ws/src/install/local_setup.ps1'
[9.719s] INFO:colcon.colcon_core.shell:Creating prefix util module '/home/seongmin/ros2_ws/src/install/_local_setup_util_ps1.py'
[9.721s] INFO:colcon.colcon_core.shell:Creating prefix chain script '/home/seongmin/ros2_ws/src/install/setup.ps1'
[9.722s] INFO:colcon.colcon_core.shell:Creating prefix script '/home/seongmin/ros2_ws/src/install/local_setup.sh'
[9.723s] INFO:colcon.colcon_core.shell:Creating prefix util module '/home/seongmin/ros2_ws/src/install/_local_setup_util_sh.py'
[9.724s] INFO:colcon.colcon_core.shell:Creating prefix chain script '/home/seongmin/ros2_ws/src/install/setup.sh'
[9.725s] INFO:colcon.colcon_core.shell:Creating prefix script '/home/seongmin/ros2_ws/src/install/local_setup.bash'
[9.726s] INFO:colcon.colcon_core.shell:Creating prefix chain script '/home/seongmin/ros2_ws/src/install/setup.bash'
[9.727s] INFO:colcon.colcon_core.shell:Creating prefix script '/home/seongmin/ros2_ws/src/install/local_setup.zsh'
[9.728s] INFO:colcon.colcon_core.shell:Creating prefix chain script '/home/seongmin/ros2_ws/src/install/setup.zsh'
