[0.335s] DEBUG:colcon:Command line arguments: ['/usr/bin/colcon', 'build', '--symlink-install', '--packages-select', 'pub1-3']
[0.335s] DEBUG:colcon:Parsed command line arguments: Namespace(allow_overriding=[], ament_cmake_args=None, base_paths=['.'], build_base='build', catkin_cmake_args=None, catkin_skip_building_tests=False, cmake_args=None, cmake_clean_cache=False, cmake_clean_first=False, cmake_force_configure=False, cmake_target=None, cmake_target_skip_unavailable=False, continue_on_error=False, event_handlers=None, executor='parallel', ignore_user_meta=False, install_base='install', log_base=None, log_level=None, main=<bound method BuildVerb.main of <colcon_core.verb.build.BuildVerb object at 0x7f44f75e91c0>>, merge_install=False, metas=['./colcon.meta'], packages_above=None, packages_above_and_dependencies=None, packages_above_depth=None, packages_end=None, packages_ignore=None, packages_ignore_regex=None, packages_select=['pub1-3'], packages_select_build_failed=False, packages_select_by_dep=None, packages_select_regex=None, packages_select_test_failures=False, packages_skip=None, packages_skip_build_finished=False, packages_skip_by_dep=None, packages_skip_regex=None, packages_skip_test_passed=False, packages_skip_up_to=None, packages_start=None, packages_up_to=None, packages_up_to_regex=None, parallel_workers=8, paths=None, symlink_install=True, test_result_base=None, verb_extension=<colcon_core.verb.build.BuildVerb object at 0x7f44f75e91c0>, verb_name='build', verb_parser=<colcon_defaults.argument_parser.defaults.DefaultArgumentsDecorator object at 0x7f44f756da90>)
[0.497s] Level 1:colcon.colcon_core.package_discovery:discover_packages(colcon_meta) check parameters
[0.498s] Level 1:colcon.colcon_core.package_discovery:discover_packages(recursive) check parameters
[0.498s] Level 1:colcon.colcon_core.package_discovery:discover_packages(ignore) check parameters
[0.498s] Level 1:colcon.colcon_core.package_discovery:discover_packages(path) check parameters
[0.498s] Level 1:colcon.colcon_core.package_discovery:discover_packages(colcon_meta) discover
[0.498s] Level 1:colcon.colcon_core.package_discovery:discover_packages(recursive) discover
[0.498s] INFO:colcon.colcon_core.package_discovery:Crawling recursively for packages in '/home/seongmin/ros2_ws/src'
[0.498s] Level 1:colcon.colcon_core.package_identification:_identify(.) by extensions ['ignore', 'ignore_ament_install']
[0.498s] Level 1:colcon.colcon_core.package_identification:_identify(.) by extension 'ignore'
[0.499s] Level 1:colcon.colcon_core.package_identification:_identify(.) by extension 'ignore_ament_install'
[0.499s] Level 1:colcon.colcon_core.package_identification:_identify(.) by extensions ['colcon_pkg']
[0.499s] Level 1:colcon.colcon_core.package_identification:_identify(.) by extension 'colcon_pkg'
[0.499s] Level 1:colcon.colcon_core.package_identification:_identify(.) by extensions ['colcon_meta']
[0.499s] Level 1:colcon.colcon_core.package_identification:_identify(.) by extension 'colcon_meta'
[0.499s] Level 1:colcon.colcon_core.package_identification:_identify(.) by extensions ['ros']
[0.499s] Level 1:colcon.colcon_core.package_identification:_identify(.) by extension 'ros'
[0.510s] Level 1:colcon.colcon_core.package_identification:_identify(.) by extensions ['cmake', 'python']
[0.510s] Level 1:colcon.colcon_core.package_identification:_identify(.) by extension 'cmake'
[0.510s] Level 1:colcon.colcon_core.package_identification:_identify(.) by extension 'python'
[0.510s] Level 1:colcon.colcon_core.package_identification:_identify(.) by extensions ['python_setup_py']
[0.510s] Level 1:colcon.colcon_core.package_identification:_identify(.) by extension 'python_setup_py'
[0.510s] Level 1:colcon.colcon_core.package_identification:_identify(build) by extensions ['ignore', 'ignore_ament_install']
[0.511s] Level 1:colcon.colcon_core.package_identification:_identify(build) by extension 'ignore'
[0.511s] Level 1:colcon.colcon_core.package_identification:_identify(build) ignored
[0.511s] Level 1:colcon.colcon_core.package_identification:_identify(install) by extensions ['ignore', 'ignore_ament_install']
[0.511s] Level 1:colcon.colcon_core.package_identification:_identify(install) by extension 'ignore'
[0.511s] Level 1:colcon.colcon_core.package_identification:_identify(install) ignored
[0.511s] Level 1:colcon.colcon_core.package_identification:_identify(log) by extensions ['ignore', 'ignore_ament_install']
[0.511s] Level 1:colcon.colcon_core.package_identification:_identify(log) by extension 'ignore'
[0.511s] Level 1:colcon.colcon_core.package_identification:_identify(log) ignored
[0.512s] Level 1:colcon.colcon_core.package_identification:_identify(pub1) by extensions ['ignore', 'ignore_ament_install']
[0.512s] Level 1:colcon.colcon_core.package_identification:_identify(pub1) by extension 'ignore'
[0.512s] Level 1:colcon.colcon_core.package_identification:_identify(pub1) by extension 'ignore_ament_install'
[0.512s] Level 1:colcon.colcon_core.package_identification:_identify(pub1) by extensions ['colcon_pkg']
[0.512s] Level 1:colcon.colcon_core.package_identification:_identify(pub1) by extension 'colcon_pkg'
[0.512s] Level 1:colcon.colcon_core.package_identification:_identify(pub1) by extensions ['colcon_meta']
[0.512s] Level 1:colcon.colcon_core.package_identification:_identify(pub1) by extension 'colcon_meta'
[0.512s] Level 1:colcon.colcon_core.package_identification:_identify(pub1) by extensions ['ros']
[0.512s] Level 1:colcon.colcon_core.package_identification:_identify(pub1) by extension 'ros'
[0.515s] DEBUG:colcon.colcon_core.package_identification:Package 'pub1' with type 'ros.ament_cmake' and name 'pub1'
[0.515s] Level 1:colcon.colcon_core.package_identification:_identify(pub1-2) by extensions ['ignore', 'ignore_ament_install']
[0.515s] Level 1:colcon.colcon_core.package_identification:_identify(pub1-2) by extension 'ignore'
[0.515s] Level 1:colcon.colcon_core.package_identification:_identify(pub1-2) by extension 'ignore_ament_install'
[0.515s] Level 1:colcon.colcon_core.package_identification:_identify(pub1-2) by extensions ['colcon_pkg']
[0.515s] Level 1:colcon.colcon_core.package_identification:_identify(pub1-2) by extension 'colcon_pkg'
[0.515s] Level 1:colcon.colcon_core.package_identification:_identify(pub1-2) by extensions ['colcon_meta']
[0.516s] Level 1:colcon.colcon_core.package_identification:_identify(pub1-2) by extension 'colcon_meta'
[0.516s] Level 1:colcon.colcon_core.package_identification:_identify(pub1-2) by extensions ['ros']
[0.516s] Level 1:colcon.colcon_core.package_identification:_identify(pub1-2) by extension 'ros'
[0.516s] DEBUG:colcon.colcon_core.package_identification:Package 'pub1-2' with type 'ros.ament_cmake' and name 'pub1-2'
[0.516s] Level 1:colcon.colcon_core.package_identification:_identify(pub1-3) by extensions ['ignore', 'ignore_ament_install']
[0.517s] Level 1:colcon.colcon_core.package_identification:_identify(pub1-3) by extension 'ignore'
[0.517s] Level 1:colcon.colcon_core.package_identification:_identify(pub1-3) by extension 'ignore_ament_install'
[0.517s] Level 1:colcon.colcon_core.package_identification:_identify(pub1-3) by extensions ['colcon_pkg']
[0.517s] Level 1:colcon.colcon_core.package_identification:_identify(pub1-3) by extension 'colcon_pkg'
[0.517s] Level 1:colcon.colcon_core.package_identification:_identify(pub1-3) by extensions ['colcon_meta']
[0.517s] Level 1:colcon.colcon_core.package_identification:_identify(pub1-3) by extension 'colcon_meta'
[0.517s] Level 1:colcon.colcon_core.package_identification:_identify(pub1-3) by extensions ['ros']
[0.517s] Level 1:colcon.colcon_core.package_identification:_identify(pub1-3) by extension 'ros'
[0.518s] DEBUG:colcon.colcon_core.package_identification:Package 'pub1-3' with type 'ros.ament_cmake' and name 'pub1-3'
[0.518s] Level 1:colcon.colcon_core.package_discovery:discover_packages(recursive) using defaults
[0.518s] Level 1:colcon.colcon_core.package_discovery:discover_packages(ignore) discover
[0.518s] Level 1:colcon.colcon_core.package_discovery:discover_packages(ignore) using defaults
[0.518s] Level 1:colcon.colcon_core.package_discovery:discover_packages(path) discover
[0.518s] Level 1:colcon.colcon_core.package_discovery:discover_packages(path) using defaults
[0.535s] INFO:colcon.colcon_core.package_selection:Skipping not selected package 'pub1' in 'pub1'
[0.535s] INFO:colcon.colcon_core.package_selection:Skipping not selected package 'pub1-2' in 'pub1-2'
[0.535s] Level 1:colcon.colcon_core.package_discovery:discover_packages(prefix_path) check parameters
[0.535s] Level 1:colcon.colcon_core.package_discovery:discover_packages(prefix_path) discover
[0.537s] DEBUG:colcon.colcon_installed_package_information.package_discovery:Found 1 installed packages in /home/seongmin/ros2_ws/install
[0.538s] DEBUG:colcon.colcon_installed_package_information.package_discovery:Found 258 installed packages in /opt/ros/foxy
[0.559s] Level 1:colcon.colcon_core.package_discovery:discover_packages(prefix_path) using defaults
[0.626s] Level 5:colcon.colcon_core.verb:set package 'pub1-3' build argument 'cmake_args' from command line to 'None'
[0.626s] Level 5:colcon.colcon_core.verb:set package 'pub1-3' build argument 'cmake_target' from command line to 'None'
[0.626s] Level 5:colcon.colcon_core.verb:set package 'pub1-3' build argument 'cmake_target_skip_unavailable' from command line to 'False'
[0.626s] Level 5:colcon.colcon_core.verb:set package 'pub1-3' build argument 'cmake_clean_cache' from command line to 'False'
[0.626s] Level 5:colcon.colcon_core.verb:set package 'pub1-3' build argument 'cmake_clean_first' from command line to 'False'
[0.626s] Level 5:colcon.colcon_core.verb:set package 'pub1-3' build argument 'cmake_force_configure' from command line to 'False'
[0.626s] Level 5:colcon.colcon_core.verb:set package 'pub1-3' build argument 'ament_cmake_args' from command line to 'None'
[0.627s] Level 5:colcon.colcon_core.verb:set package 'pub1-3' build argument 'catkin_cmake_args' from command line to 'None'
[0.627s] Level 5:colcon.colcon_core.verb:set package 'pub1-3' build argument 'catkin_skip_building_tests' from command line to 'False'
[0.627s] DEBUG:colcon.colcon_core.verb:Building package 'pub1-3' with the following arguments: {'ament_cmake_args': None, 'build_base': '/home/seongmin/ros2_ws/src/build/pub1-3', 'catkin_cmake_args': None, 'catkin_skip_building_tests': False, 'cmake_args': None, 'cmake_clean_cache': False, 'cmake_clean_first': False, 'cmake_force_configure': False, 'cmake_target': None, 'cmake_target_skip_unavailable': False, 'install_base': '/home/seongmin/ros2_ws/src/install/pub1-3', 'merge_install': False, 'path': '/home/seongmin/ros2_ws/src/pub1-3', 'symlink_install': True, 'test_result_base': None}
[0.627s] INFO:colcon.colcon_core.executor:Executing jobs using 'parallel' executor
[0.628s] DEBUG:colcon.colcon_parallel_executor.executor.parallel:run_until_complete
[0.629s] INFO:colcon.colcon_ros.task.ament_cmake.build:Building ROS package in '/home/seongmin/ros2_ws/src/pub1-3' with build type 'ament_cmake'
[0.629s] INFO:colcon.colcon_cmake.task.cmake.build:Building CMake package in '/home/seongmin/ros2_ws/src/pub1-3'
[0.631s] INFO:colcon.colcon_core.plugin_system:Skipping extension 'colcon_core.shell.bat': Not used on non-Windows systems
[0.631s] INFO:colcon.colcon_core.shell:Skip shell extension 'powershell' for command environment: Not usable outside of PowerShell
[0.632s] DEBUG:colcon.colcon_core.shell:Skip shell extension 'dsv' for command environment
[0.652s] DEBUG:colcon.colcon_core.event_handler.log_command:Invoking command in '/home/seongmin/ros2_ws/src/build/pub1-3': CMAKE_PREFIX_PATH=${CMAKE_PREFIX_PATH}:/opt/ros/foxy /usr/bin/cmake --build /home/seongmin/ros2_ws/src/build/pub1-3 -- -j8 -l8
[5.549s] DEBUG:colcon.colcon_core.event_handler.log_command:Invoked command in '/home/seongmin/ros2_ws/src/build/pub1-3' returned '0': CMAKE_PREFIX_PATH=${CMAKE_PREFIX_PATH}:/opt/ros/foxy /usr/bin/cmake --build /home/seongmin/ros2_ws/src/build/pub1-3 -- -j8 -l8
[5.564s] DEBUG:colcon.colcon_core.event_handler.log_command:Invoking command in '/home/seongmin/ros2_ws/src/build/pub1-3': CMAKE_PREFIX_PATH=${CMAKE_PREFIX_PATH}:/opt/ros/foxy /usr/bin/cmake --install /home/seongmin/ros2_ws/src/build/pub1-3
[5.740s] Level 1:colcon.colcon_core.environment:create_environment_scripts_only(pub1-3)
[5.740s] DEBUG:colcon.colcon_core.event_handler.log_command:Invoked command in '/home/seongmin/ros2_ws/src/build/pub1-3' returned '0': CMAKE_PREFIX_PATH=${CMAKE_PREFIX_PATH}:/opt/ros/foxy /usr/bin/cmake --install /home/seongmin/ros2_ws/src/build/pub1-3
[5.743s] Level 1:colcon.colcon_core.environment:checking '/home/seongmin/ros2_ws/src/install/pub1-3' for CMake module files
[5.744s] Level 1:colcon.colcon_core.environment:checking '/home/seongmin/ros2_ws/src/install/pub1-3' for CMake config files
[5.744s] Level 1:colcon.colcon_core.shell:create_environment_hook('pub1-3', 'cmake_prefix_path')
[5.745s] INFO:colcon.colcon_core.shell:Creating environment hook '/home/seongmin/ros2_ws/src/install/pub1-3/share/pub1-3/hook/cmake_prefix_path.ps1'
[5.745s] INFO:colcon.colcon_core.shell:Creating environment descriptor '/home/seongmin/ros2_ws/src/install/pub1-3/share/pub1-3/hook/cmake_prefix_path.dsv'
[5.746s] INFO:colcon.colcon_core.shell:Creating environment hook '/home/seongmin/ros2_ws/src/install/pub1-3/share/pub1-3/hook/cmake_prefix_path.sh'
[5.747s] Level 1:colcon.colcon_core.environment:checking '/home/seongmin/ros2_ws/src/install/pub1-3/lib'
[5.747s] Level 1:colcon.colcon_core.environment:checking '/home/seongmin/ros2_ws/src/install/pub1-3/bin'
[5.747s] Level 1:colcon.colcon_core.environment:checking '/home/seongmin/ros2_ws/src/install/pub1-3/lib/pkgconfig/pub1-3.pc'
[5.748s] Level 1:colcon.colcon_core.environment:checking '/home/seongmin/ros2_ws/src/install/pub1-3/lib/python3.8/site-packages'
[5.748s] Level 1:colcon.colcon_core.environment:checking '/home/seongmin/ros2_ws/src/install/pub1-3/bin'
[5.748s] INFO:colcon.colcon_core.shell:Creating package script '/home/seongmin/ros2_ws/src/install/pub1-3/share/pub1-3/package.ps1'
[5.749s] INFO:colcon.colcon_core.shell:Creating package descriptor '/home/seongmin/ros2_ws/src/install/pub1-3/share/pub1-3/package.dsv'
[5.756s] INFO:colcon.colcon_core.shell:Creating package script '/home/seongmin/ros2_ws/src/install/pub1-3/share/pub1-3/package.sh'
[5.757s] INFO:colcon.colcon_core.shell:Creating package script '/home/seongmin/ros2_ws/src/install/pub1-3/share/pub1-3/package.bash'
[5.758s] INFO:colcon.colcon_core.shell:Creating package script '/home/seongmin/ros2_ws/src/install/pub1-3/share/pub1-3/package.zsh'
[5.759s] Level 1:colcon.colcon_core.environment:create_file_with_runtime_dependencies(/home/seongmin/ros2_ws/src/install/pub1-3/share/colcon-core/packages/pub1-3)
[5.760s] Level 1:colcon.colcon_core.environment:create_environment_scripts_only(pub1-3)
[5.760s] Level 1:colcon.colcon_core.environment:checking '/home/seongmin/ros2_ws/src/install/pub1-3' for CMake module files
[5.761s] Level 1:colcon.colcon_core.environment:checking '/home/seongmin/ros2_ws/src/install/pub1-3' for CMake config files
[5.761s] Level 1:colcon.colcon_core.shell:create_environment_hook('pub1-3', 'cmake_prefix_path')
[5.761s] INFO:colcon.colcon_core.shell:Creating environment hook '/home/seongmin/ros2_ws/src/install/pub1-3/share/pub1-3/hook/cmake_prefix_path.ps1'
[5.762s] INFO:colcon.colcon_core.shell:Creating environment descriptor '/home/seongmin/ros2_ws/src/install/pub1-3/share/pub1-3/hook/cmake_prefix_path.dsv'
[5.762s] INFO:colcon.colcon_core.shell:Creating environment hook '/home/seongmin/ros2_ws/src/install/pub1-3/share/pub1-3/hook/cmake_prefix_path.sh'
[5.763s] Level 1:colcon.colcon_core.environment:checking '/home/seongmin/ros2_ws/src/install/pub1-3/lib'
[5.763s] Level 1:colcon.colcon_core.environment:checking '/home/seongmin/ros2_ws/src/install/pub1-3/bin'
[5.763s] Level 1:colcon.colcon_core.environment:checking '/home/seongmin/ros2_ws/src/install/pub1-3/lib/pkgconfig/pub1-3.pc'
[5.764s] Level 1:colcon.colcon_core.environment:checking '/home/seongmin/ros2_ws/src/install/pub1-3/lib/python3.8/site-packages'
[5.764s] Level 1:colcon.colcon_core.environment:checking '/home/seongmin/ros2_ws/src/install/pub1-3/bin'
[5.764s] INFO:colcon.colcon_core.shell:Creating package script '/home/seongmin/ros2_ws/src/install/pub1-3/share/pub1-3/package.ps1'
[5.765s] INFO:colcon.colcon_core.shell:Creating package descriptor '/home/seongmin/ros2_ws/src/install/pub1-3/share/pub1-3/package.dsv'
[5.766s] INFO:colcon.colcon_core.shell:Creating package script '/home/seongmin/ros2_ws/src/install/pub1-3/share/pub1-3/package.sh'
[5.767s] INFO:colcon.colcon_core.shell:Creating package script '/home/seongmin/ros2_ws/src/install/pub1-3/share/pub1-3/package.bash'
[5.768s] INFO:colcon.colcon_core.shell:Creating package script '/home/seongmin/ros2_ws/src/install/pub1-3/share/pub1-3/package.zsh'
[5.768s] Level 1:colcon.colcon_core.environment:create_file_with_runtime_dependencies(/home/seongmin/ros2_ws/src/install/pub1-3/share/colcon-core/packages/pub1-3)
[5.769s] DEBUG:colcon.colcon_parallel_executor.executor.parallel:closing loop
[5.770s] DEBUG:colcon.colcon_parallel_executor.executor.parallel:loop closed
[5.770s] DEBUG:colcon.colcon_parallel_executor.executor.parallel:run_until_complete finished with '0'
[5.770s] DEBUG:colcon.colcon_core.event_reactor:joining thread
[5.793s] INFO:colcon.colcon_core.plugin_system:Skipping extension 'colcon_notification.desktop_notification.notify_send': Could not find 'notify-send'
[5.793s] INFO:colcon.colcon_core.plugin_system:Skipping extension 'colcon_notification.desktop_notification.terminal_notifier': Not used on non-Darwin systems
[5.793s] INFO:colcon.colcon_core.plugin_system:Skipping extension 'colcon_notification.desktop_notification.win32': Not used on non-Windows systems
[5.793s] INFO:colcon.colcon_notification.desktop_notification:Sending desktop notification using 'notify2'
[5.794s] DEBUG:colcon.colcon_notification.desktop_notification.notify2:Failed to initialize notify2: org.freedesktop.DBus.Error.ServiceUnknown: The name org.freedesktop.Notifications was not provided by any .service files
[5.795s] DEBUG:colcon.colcon_core.event_reactor:joined thread
[5.795s] INFO:colcon.colcon_core.shell:Creating prefix script '/home/seongmin/ros2_ws/src/install/local_setup.ps1'
[5.797s] INFO:colcon.colcon_core.shell:Creating prefix util module '/home/seongmin/ros2_ws/src/install/_local_setup_util_ps1.py'
[5.799s] INFO:colcon.colcon_core.shell:Creating prefix chain script '/home/seongmin/ros2_ws/src/install/setup.ps1'
[5.800s] INFO:colcon.colcon_core.shell:Creating prefix script '/home/seongmin/ros2_ws/src/install/local_setup.sh'
[5.802s] INFO:colcon.colcon_core.shell:Creating prefix util module '/home/seongmin/ros2_ws/src/install/_local_setup_util_sh.py'
[5.803s] INFO:colcon.colcon_core.shell:Creating prefix chain script '/home/seongmin/ros2_ws/src/install/setup.sh'
[5.805s] INFO:colcon.colcon_core.shell:Creating prefix script '/home/seongmin/ros2_ws/src/install/local_setup.bash'
[5.805s] INFO:colcon.colcon_core.shell:Creating prefix chain script '/home/seongmin/ros2_ws/src/install/setup.bash'
[5.806s] INFO:colcon.colcon_core.shell:Creating prefix script '/home/seongmin/ros2_ws/src/install/local_setup.zsh'
[5.807s] INFO:colcon.colcon_core.shell:Creating prefix chain script '/home/seongmin/ros2_ws/src/install/setup.zsh'
