[0.026s] Invoking command in '/home/seongmin/ros2_ws/src/build/pub1': CMAKE_PREFIX_PATH=${CMAKE_PREFIX_PATH}:/opt/ros/foxy /usr/bin/cmake --build /home/seongmin/ros2_ws/src/build/pub1 -- -j8 -l8
[0.083s] [100%] Built target pub1
[0.096s] Invoked command in '/home/seongmin/ros2_ws/src/build/pub1' returned '0': CMAKE_PREFIX_PATH=${CMAKE_PREFIX_PATH}:/opt/ros/foxy /usr/bin/cmake --build /home/seongmin/ros2_ws/src/build/pub1 -- -j8 -l8
[0.108s] Invoking command in '/home/seongmin/ros2_ws/src/build/pub1': CMAKE_PREFIX_PATH=${CMAKE_PREFIX_PATH}:/opt/ros/foxy /usr/bin/cmake --install /home/seongmin/ros2_ws/src/build/pub1
[0.116s] -- Install configuration: ""
[0.117s] -- Execute custom install script
[0.118s] -- Up-to-date symlink: /home/seongmin/ros2_ws/src/install/pub1/lib/pub1/pub1
[0.119s] -- Up-to-date symlink: /home/seongmin/ros2_ws/src/install/pub1/share/ament_index/resource_index/package_run_dependencies/pub1
[0.119s] -- Up-to-date symlink: /home/seongmin/ros2_ws/src/install/pub1/share/ament_index/resource_index/parent_prefix_path/pub1
[0.120s] -- Up-to-date symlink: /home/seongmin/ros2_ws/src/install/pub1/share/pub1/environment/ament_prefix_path.sh
[0.120s] -- Up-to-date symlink: /home/seongmin/ros2_ws/src/install/pub1/share/pub1/environment/ament_prefix_path.dsv
[0.120s] -- Up-to-date symlink: /home/seongmin/ros2_ws/src/install/pub1/share/pub1/environment/path.sh
[0.121s] -- Up-to-date symlink: /home/seongmin/ros2_ws/src/install/pub1/share/pub1/environment/path.dsv
[0.121s] -- Up-to-date symlink: /home/seongmin/ros2_ws/src/install/pub1/share/pub1/local_setup.bash
[0.121s] -- Up-to-date symlink: /home/seongmin/ros2_ws/src/install/pub1/share/pub1/local_setup.sh
[0.122s] -- Up-to-date symlink: /home/seongmin/ros2_ws/src/install/pub1/share/pub1/local_setup.zsh
[0.122s] -- Up-to-date symlink: /home/seongmin/ros2_ws/src/install/pub1/share/pub1/local_setup.dsv
[0.122s] -- Symlinking: /home/seongmin/ros2_ws/src/install/pub1/share/pub1/package.dsv
[0.131s] -- Up-to-date symlink: /home/seongmin/ros2_ws/src/install/pub1/share/ament_index/resource_index/packages/pub1
[0.132s] -- Up-to-date symlink: /home/seongmin/ros2_ws/src/install/pub1/share/pub1/cmake/pub1Config.cmake
[0.132s] -- Up-to-date symlink: /home/seongmin/ros2_ws/src/install/pub1/share/pub1/cmake/pub1Config-version.cmake
[0.132s] -- Up-to-date symlink: /home/seongmin/ros2_ws/src/install/pub1/share/pub1/package.xml
[0.135s] Invoked command in '/home/seongmin/ros2_ws/src/build/pub1' returned '0': CMAKE_PREFIX_PATH=${CMAKE_PREFIX_PATH}:/opt/ros/foxy /usr/bin/cmake --install /home/seongmin/ros2_ws/src/build/pub1
