[0.022s] Invoking command in '/home/seongmin/ros2_ws/build/pub1-3': CMAKE_PREFIX_PATH=${CMAKE_PREFIX_PATH}:/opt/ros/foxy /usr/bin/cmake /home/seongmin/ros2_ws/src/pub1-3 -DAMENT_CMAKE_SYMLINK_INSTALL=1 -DCMAKE_INSTALL_PREFIX=/home/seongmin/ros2_ws/install/pub1-3
[0.470s] -- The C compiler identification is GNU 9.4.0
[0.830s] -- The CXX compiler identification is GNU 9.4.0
[0.940s] -- Check for working C compiler: /usr/bin/cc
[1.114s] -- Check for working C compiler: /usr/bin/cc -- works
[1.121s] -- Detecting C compiler ABI info
[1.271s] -- Detecting C compiler ABI info - done
[1.285s] -- Detecting C compile features
[1.286s] -- Detecting C compile features - done
[1.290s] -- Check for working CXX compiler: /usr/bin/c++
[1.476s] -- Check for working CXX compiler: /usr/bin/c++ -- works
[1.477s] -- Detecting CXX compiler ABI info
[1.642s] -- Detecting CXX compiler ABI info - done
[1.657s] -- Detecting CXX compile features
[1.657s] -- Detecting CXX compile features - done
[1.679s] -- Found ament_cmake: 0.9.12 (/opt/ros/foxy/share/ament_cmake/cmake)
[1.717s] -- Found PythonInterp: /usr/bin/python3 (found suitable version "3.8.10", minimum required is "3") 
[1.718s] -- Using PYTHON_EXECUTABLE: /usr/bin/python3
[1.950s] -- Override CMake install command with custom implementation using symlinks instead of copying resources
[2.008s] -- Found rclcpp: 2.4.3 (/opt/ros/foxy/share/rclcpp/cmake)
[2.296s] -- Using all available rosidl_typesupport_c: rosidl_typesupport_fastrtps_c;rosidl_typesupport_introspection_c
[2.321s] -- Found rosidl_adapter: 1.3.1 (/opt/ros/foxy/share/rosidl_adapter/cmake)
[3.187s] -- Found OpenSSL: /usr/lib/x86_64-linux-gnu/libcrypto.so (found version "1.1.1f")  
[4.231s] -- Found FastRTPS: /opt/ros/foxy/include  
[6.520s] -- Using all available rosidl_typesupport_cpp: rosidl_typesupport_fastrtps_cpp;rosidl_typesupport_introspection_cpp
[6.647s] -- Found rmw_implementation_cmake: 1.0.4 (/opt/ros/foxy/share/rmw_implementation_cmake/cmake)
[6.650s] -- Using RMW implementation 'rmw_fastrtps_cpp' as default
[6.653s] -- Looking for pthread.h
[6.775s] -- Looking for pthread.h - found
[6.776s] -- Performing Test CMAKE_HAVE_LIBC_PTHREAD
[6.918s] -- Performing Test CMAKE_HAVE_LIBC_PTHREAD - Failed
[6.918s] -- Looking for pthread_create in pthreads
[7.048s] -- Looking for pthread_create in pthreads - not found
[7.049s] -- Looking for pthread_create in pthread
[7.167s] -- Looking for pthread_create in pthread - found
[7.168s] -- Found Threads: TRUE  
[7.381s] -- Found geometry_msgs: 2.0.5 (/opt/ros/foxy/share/geometry_msgs/cmake)
[7.423s] -- Found ament_lint_auto: 0.9.8 (/opt/ros/foxy/share/ament_lint_auto/cmake)
[7.539s] -- Added test 'copyright' to check source files copyright and LICENSE
[7.541s] -- Added test 'cppcheck' to perform static code analysis on C / C++ code
[7.542s] -- Configured cppcheck include dirs: 
[7.542s] -- Configured cppcheck exclude dirs and/or files: 
[7.543s] -- Added test 'cpplint' to check C / C++ code against the Google style
[7.543s] -- Configured cpplint exclude dirs and/or files: 
[7.546s] -- Added test 'lint_cmake' to check CMake code style
[7.549s] -- Added test 'uncrustify' to check C / C++ code style
[7.549s] -- Configured uncrustify additional arguments: 
[7.550s] -- Added test 'xmllint' to check XML markup files
[7.554s] -- Configuring done
[7.562s] -- Generating done
[7.567s] -- Build files have been written to: /home/seongmin/ros2_ws/build/pub1-3
[7.576s] Invoked command in '/home/seongmin/ros2_ws/build/pub1-3' returned '0': CMAKE_PREFIX_PATH=${CMAKE_PREFIX_PATH}:/opt/ros/foxy /usr/bin/cmake /home/seongmin/ros2_ws/src/pub1-3 -DAMENT_CMAKE_SYMLINK_INSTALL=1 -DCMAKE_INSTALL_PREFIX=/home/seongmin/ros2_ws/install/pub1-3
[7.581s] Invoking command in '/home/seongmin/ros2_ws/build/pub1-3': CMAKE_PREFIX_PATH=${CMAKE_PREFIX_PATH}:/opt/ros/foxy /usr/bin/cmake --build /home/seongmin/ros2_ws/build/pub1-3 -- -j8 -l8
[7.618s] [35m[1mScanning dependencies of target pub1-3[0m
[7.771s] [ 50%] [32mBuilding CXX object CMakeFiles/pub1-3.dir/src/pub1-3.cpp.o[0m
[11.885s] [100%] [32m[1mLinking CXX executable pub1-3[0m
[12.160s] [100%] Built target pub1-3
[12.185s] Invoked command in '/home/seongmin/ros2_ws/build/pub1-3' returned '0': CMAKE_PREFIX_PATH=${CMAKE_PREFIX_PATH}:/opt/ros/foxy /usr/bin/cmake --build /home/seongmin/ros2_ws/build/pub1-3 -- -j8 -l8
[12.205s] Invoking command in '/home/seongmin/ros2_ws/build/pub1-3': CMAKE_PREFIX_PATH=${CMAKE_PREFIX_PATH}:/opt/ros/foxy /usr/bin/cmake --install /home/seongmin/ros2_ws/build/pub1-3
[12.214s] -- Install configuration: ""
[12.215s] -- Execute custom install script
[12.216s] -- Symlinking: /home/seongmin/ros2_ws/install/pub1-3/lib/pub1-3/pub1-3
[12.226s] -- Symlinking: /home/seongmin/ros2_ws/install/pub1-3/share/ament_index/resource_index/package_run_dependencies/pub1-3
[12.236s] -- Symlinking: /home/seongmin/ros2_ws/install/pub1-3/share/ament_index/resource_index/parent_prefix_path/pub1-3
[12.248s] -- Symlinking: /home/seongmin/ros2_ws/install/pub1-3/share/pub1-3/environment/ament_prefix_path.sh
[12.259s] -- Symlinking: /home/seongmin/ros2_ws/install/pub1-3/share/pub1-3/environment/ament_prefix_path.dsv
[12.268s] -- Symlinking: /home/seongmin/ros2_ws/install/pub1-3/share/pub1-3/environment/path.sh
[12.278s] -- Symlinking: /home/seongmin/ros2_ws/install/pub1-3/share/pub1-3/environment/path.dsv
[12.289s] -- Symlinking: /home/seongmin/ros2_ws/install/pub1-3/share/pub1-3/local_setup.bash
[12.299s] -- Symlinking: /home/seongmin/ros2_ws/install/pub1-3/share/pub1-3/local_setup.sh
[12.310s] -- Symlinking: /home/seongmin/ros2_ws/install/pub1-3/share/pub1-3/local_setup.zsh
[12.319s] -- Symlinking: /home/seongmin/ros2_ws/install/pub1-3/share/pub1-3/local_setup.dsv
[12.328s] -- Symlinking: /home/seongmin/ros2_ws/install/pub1-3/share/pub1-3/package.dsv
[12.338s] -- Symlinking: /home/seongmin/ros2_ws/install/pub1-3/share/ament_index/resource_index/packages/pub1-3
[12.349s] -- Symlinking: /home/seongmin/ros2_ws/install/pub1-3/share/pub1-3/cmake/pub1-3Config.cmake
[12.358s] -- Symlinking: /home/seongmin/ros2_ws/install/pub1-3/share/pub1-3/cmake/pub1-3Config-version.cmake
[12.368s] -- Symlinking: /home/seongmin/ros2_ws/install/pub1-3/share/pub1-3/package.xml
[12.383s] Invoked command in '/home/seongmin/ros2_ws/build/pub1-3' returned '0': CMAKE_PREFIX_PATH=${CMAKE_PREFIX_PATH}:/opt/ros/foxy /usr/bin/cmake --install /home/seongmin/ros2_ws/build/pub1-3
