-- Found ament_cmake: 0.9.12 (/opt/ros/foxy/share/ament_cmake/cmake)
-- Using PYTHON_EXECUTABLE: /usr/bin/python3
-- Override CMake install command with custom implementation using symlinks instead of copying resources
-- Found rclcpp: 2.4.3 (/opt/ros/foxy/share/rclcpp/cmake)
-- Using all available rosidl_typesupport_c: rosidl_typesupport_fastrtps_c;rosidl_typesupport_introspection_c
-- Found rosidl_adapter: 1.3.1 (/opt/ros/foxy/share/rosidl_adapter/cmake)
-- Using all available rosidl_typesupport_cpp: rosidl_typesupport_fastrtps_cpp;rosidl_typesupport_introspection_cpp
-- Found rmw_implementation_cmake: 1.0.4 (/opt/ros/foxy/share/rmw_implementation_cmake/cmake)
-- Using RMW implementation 'rmw_fastrtps_cpp' as default
-- Found ament_lint_auto: 0.9.8 (/opt/ros/foxy/share/ament_lint_auto/cmake)
-- Added test 'copyright' to check source files copyright and LICENSE
-- Added test 'cppcheck' to perform static code analysis on C / C++ code
-- Configured cppcheck include dirs: 
-- Configured cppcheck exclude dirs and/or files: 
-- Added test 'cpplint' to check C / C++ code against the Google style
-- Configured cpplint exclude dirs and/or files: 
-- Added test 'lint_cmake' to check CMake code style
-- Added test 'uncrustify' to check C / C++ code style
-- Configured uncrustify additional arguments: 
-- Added test 'xmllint' to check XML markup files
-- Configuring done
-- Generating done
-- Build files have been written to: /home/seongmin/ros2_ws/src/build/pub1
[35m[1mScanning dependencies of target pub1-1[0m
[ 50%] [32mBuilding CXX object CMakeFiles/pub1-1.dir/src/pub1-1.cpp.o[0m
[100%] [32m[1mLinking CXX executable pub1-1[0m
[100%] Built target pub1-1
-- Install configuration: ""
-- Execute custom install script
-- Symlinking: /home/seongmin/ros2_ws/src/install/pub1/lib/pub1/pub1-1
-- Up-to-date symlink: /home/seongmin/ros2_ws/src/install/pub1/share/ament_index/resource_index/package_run_dependencies/pub1
-- Up-to-date symlink: /home/seongmin/ros2_ws/src/install/pub1/share/ament_index/resource_index/parent_prefix_path/pub1
-- Up-to-date symlink: /home/seongmin/ros2_ws/src/install/pub1/share/pub1/environment/ament_prefix_path.sh
-- Up-to-date symlink: /home/seongmin/ros2_ws/src/install/pub1/share/pub1/environment/ament_prefix_path.dsv
-- Up-to-date symlink: /home/seongmin/ros2_ws/src/install/pub1/share/pub1/environment/path.sh
-- Up-to-date symlink: /home/seongmin/ros2_ws/src/install/pub1/share/pub1/environment/path.dsv
-- Up-to-date symlink: /home/seongmin/ros2_ws/src/install/pub1/share/pub1/local_setup.bash
-- Up-to-date symlink: /home/seongmin/ros2_ws/src/install/pub1/share/pub1/local_setup.sh
-- Up-to-date symlink: /home/seongmin/ros2_ws/src/install/pub1/share/pub1/local_setup.zsh
-- Up-to-date symlink: /home/seongmin/ros2_ws/src/install/pub1/share/pub1/local_setup.dsv
-- Symlinking: /home/seongmin/ros2_ws/src/install/pub1/share/pub1/package.dsv
-- Up-to-date symlink: /home/seongmin/ros2_ws/src/install/pub1/share/ament_index/resource_index/packages/pub1
-- Up-to-date symlink: /home/seongmin/ros2_ws/src/install/pub1/share/pub1/cmake/pub1Config.cmake
-- Up-to-date symlink: /home/seongmin/ros2_ws/src/install/pub1/share/pub1/cmake/pub1Config-version.cmake
-- Up-to-date symlink: /home/seongmin/ros2_ws/src/install/pub1/share/pub1/package.xml
