[0.021s] Invoking command in '/home/seongmin/ros2_ws/src/build/pub1': CMAKE_PREFIX_PATH=${CMAKE_PREFIX_PATH}:/opt/ros/foxy /usr/bin/cmake --build /home/seongmin/ros2_ws/src/build/pub1 -- -j8 -l8
[0.056s] -- Found ament_cmake: 0.9.12 (/opt/ros/foxy/share/ament_cmake/cmake)
[0.084s] -- Using PYTHON_EXECUTABLE: /usr/bin/python3
[0.296s] -- Override CMake install command with custom implementation using symlinks instead of copying resources
[0.309s] -- Found rclcpp: 2.4.3 (/opt/ros/foxy/share/rclcpp/cmake)
[0.421s] -- Using all available rosidl_typesupport_c: rosidl_typesupport_fastrtps_c;rosidl_typesupport_introspection_c
[0.424s] -- Found rosidl_adapter: 1.3.1 (/opt/ros/foxy/share/rosidl_adapter/cmake)
[4.257s] -- Using all available rosidl_typesupport_cpp: rosidl_typesupport_fastrtps_cpp;rosidl_typesupport_introspection_cpp
[4.314s] -- Found rmw_implementation_cmake: 1.0.4 (/opt/ros/foxy/share/rmw_implementation_cmake/cmake)
[4.316s] -- Using RMW implementation 'rmw_fastrtps_cpp' as default
[4.461s] -- Found ament_lint_auto: 0.9.8 (/opt/ros/foxy/share/ament_lint_auto/cmake)
[4.549s] -- Added test 'copyright' to check source files copyright and LICENSE
[4.550s] -- Added test 'cppcheck' to perform static code analysis on C / C++ code
[4.550s] -- Configured cppcheck include dirs: 
[4.550s] -- Configured cppcheck exclude dirs and/or files: 
[4.551s] -- Added test 'cpplint' to check C / C++ code against the Google style
[4.551s] -- Configured cpplint exclude dirs and/or files: 
[4.552s] -- Added test 'lint_cmake' to check CMake code style
[4.553s] -- Added test 'uncrustify' to check C / C++ code style
[4.553s] -- Configured uncrustify additional arguments: 
[4.554s] -- Added test 'xmllint' to check XML markup files
[4.557s] -- Configuring done
[4.565s] -- Generating done
[4.568s] -- Build files have been written to: /home/seongmin/ros2_ws/src/build/pub1
[4.593s] [35m[1mScanning dependencies of target pub1-1[0m
[4.630s] [ 50%] [32mBuilding CXX object CMakeFiles/pub1-1.dir/src/pub1-1.cpp.o[0m
[8.358s] [100%] [32m[1mLinking CXX executable pub1-1[0m
[8.588s] [100%] Built target pub1-1
[8.599s] Invoked command in '/home/seongmin/ros2_ws/src/build/pub1' returned '0': CMAKE_PREFIX_PATH=${CMAKE_PREFIX_PATH}:/opt/ros/foxy /usr/bin/cmake --build /home/seongmin/ros2_ws/src/build/pub1 -- -j8 -l8
[8.611s] Invoking command in '/home/seongmin/ros2_ws/src/build/pub1': CMAKE_PREFIX_PATH=${CMAKE_PREFIX_PATH}:/opt/ros/foxy /usr/bin/cmake --install /home/seongmin/ros2_ws/src/build/pub1
[8.620s] -- Install configuration: ""
[8.620s] -- Execute custom install script
[8.620s] -- Symlinking: /home/seongmin/ros2_ws/src/install/pub1/lib/pub1/pub1-1
[8.633s] -- Up-to-date symlink: /home/seongmin/ros2_ws/src/install/pub1/share/ament_index/resource_index/package_run_dependencies/pub1
[8.634s] -- Up-to-date symlink: /home/seongmin/ros2_ws/src/install/pub1/share/ament_index/resource_index/parent_prefix_path/pub1
[8.634s] -- Up-to-date symlink: /home/seongmin/ros2_ws/src/install/pub1/share/pub1/environment/ament_prefix_path.sh
[8.635s] -- Up-to-date symlink: /home/seongmin/ros2_ws/src/install/pub1/share/pub1/environment/ament_prefix_path.dsv
[8.636s] -- Up-to-date symlink: /home/seongmin/ros2_ws/src/install/pub1/share/pub1/environment/path.sh
[8.637s] -- Up-to-date symlink: /home/seongmin/ros2_ws/src/install/pub1/share/pub1/environment/path.dsv
[8.637s] -- Up-to-date symlink: /home/seongmin/ros2_ws/src/install/pub1/share/pub1/local_setup.bash
[8.637s] -- Up-to-date symlink: /home/seongmin/ros2_ws/src/install/pub1/share/pub1/local_setup.sh
[8.637s] -- Up-to-date symlink: /home/seongmin/ros2_ws/src/install/pub1/share/pub1/local_setup.zsh
[8.637s] -- Up-to-date symlink: /home/seongmin/ros2_ws/src/install/pub1/share/pub1/local_setup.dsv
[8.637s] -- Symlinking: /home/seongmin/ros2_ws/src/install/pub1/share/pub1/package.dsv
[8.651s] -- Up-to-date symlink: /home/seongmin/ros2_ws/src/install/pub1/share/ament_index/resource_index/packages/pub1
[8.652s] -- Up-to-date symlink: /home/seongmin/ros2_ws/src/install/pub1/share/pub1/cmake/pub1Config.cmake
[8.652s] -- Up-to-date symlink: /home/seongmin/ros2_ws/src/install/pub1/share/pub1/cmake/pub1Config-version.cmake
[8.652s] -- Up-to-date symlink: /home/seongmin/ros2_ws/src/install/pub1/share/pub1/package.xml
[8.656s] Invoked command in '/home/seongmin/ros2_ws/src/build/pub1' returned '0': CMAKE_PREFIX_PATH=${CMAKE_PREFIX_PATH}:/opt/ros/foxy /usr/bin/cmake --install /home/seongmin/ros2_ws/src/build/pub1
